1 226.41595454886555672 0.093938183593750002 0.050340784708658853 0.050415130615234373
2 222.43011272232979536 0.045373559570312499 0.035931808471679691 0.035937324523925784
3 222.94137252727523446 0.036278214518229164 0.037309402465820311 0.037306454976399742
4 222.21149342507123947 0.031749405924479168 0.028000132242838541 0.027928466796874999
5 222.64241846697404981 0.028527561442057290 0.028393966674804687 0.028405687967936199
6 222.78931117895990610 0.026289158121744791 0.029089419047037761 0.028972986857096355
7 222.54185234708711505 0.025079819742838540 0.022174110412597658 0.022208498636881509
8 222.64798048511147499 0.023546917724609377 0.022133921305338540 0.022139068603515624
9 222.51937609398737550 0.022655930582682293 0.021515530904134116 0.021482340494791665
10 222.72561657708138227 0.022574768066406251 0.023287691752115886 0.023317743937174479
11 223.05212345579639077 0.021826094563802082 0.022036524454752605 0.022094360351562502
12 223.01856120303273201 0.020331811523437500 0.020960140228271484 0.021010272979736327
13 222.48093692492693663 0.020776413981119790 0.019734567006429036 0.019730812072753907
14 222.20147743681445718 0.019646407063802083 0.021442082722981769 0.021492874145507813
15 222.39800954191014171 0.019455676269531250 0.024608662923177083 0.024691233317057290
16 222.15441563958302140 0.019322552490234374 0.020392144521077474 0.020379926045735679
17 222.17135384120047092 0.018929864501953126 0.024932047526041667 0.024739461263020835
18 222.66344540007412434 0.018558418782552082 0.021532867431640627 0.021366561889648437
19 222.19733113097026944 0.018278332519531249 0.021422477722167970 0.021360524495442710
20 222.08601235272362828 0.018094047037760418 0.020810462951660155 0.020936542510986329
21 222.36776197282597423 0.017766843668619792 0.015509956359863282 0.015331850687662761
22 222.25354969222098589 0.017241807047526040 0.018900011698404946 0.018855499267578124
23 222.26439747819676995 0.017369484456380209 0.016111195882161457 0.016149234771728516
24 222.78249932313337922 0.017100467936197915 0.019211518605550131 0.019202541351318360
25 223.59224251564592123 0.016720440673828125 0.016606849670410158 0.016773090362548829
26 222.95393445575609803 0.016701316324869792 0.014599149068196614 0.014653654734293619
27 222.27184486016631126 0.016279699707031251 0.015590792338053385 0.015652722676595052
28 222.91440492309629917 0.016432852172851564 0.018223524729410807 0.018182928721110027
29 221.59571357397362590 0.016485879516601562 0.021857666015624999 0.021630172729492188
30 221.61824384983628988 0.015752273559570311 0.015608706156412761 0.015540330251057943
31 221.65413585212081671 0.015996432495117188 0.015747324625651041 0.015857716878255209
32 221.52041309000924230 0.015700126139322916 0.014908064524332682 0.014912539164225261
33 221.59284016815945506 0.015894258626302084 0.014330586751302084 0.014318644205729167
34 221.57882614573463798 0.015513220214843750 0.014533470153808594 0.014518614451090494
35 221.70355330733582377 0.015097985839843750 0.014847473144531250 0.014954032897949219
36 221.56034443108364940 0.015325964355468749 0.014527207692464192 0.014499420166015626
37 221.57606293028220534 0.015490597534179687 0.015113875071207683 0.015059583028157552
38 221.51954273879528046 0.014911193847656250 0.016862922668457032 0.016961667378743491
39 221.59328116290271282 0.014694189453124999 0.015920239766438801 0.015875247955322264
40 221.69256019825115800 0.014947607421875000 0.016619557698567707 0.016482554117838541
41 221.63622167706489563 0.014677673339843751 0.016449541727701824 0.016464129130045572
42 221.53681059693917632 0.014760664876302083 0.015514419555664063 0.015499612172444662
43 222.50111478473991156 0.014546448771158854 0.015634204864501951 0.015692077636718749
44 222.07099078223109245 0.014355961100260417 0.013630617777506510 0.013672260284423829
45 222.43303204094991088 0.014296454874674479 0.015902988433837889 0.016007312774658201
46 222.02473702328279614 0.014470635986328126 0.014255482991536459 0.014370960235595703
47 221.54469065507873893 0.014567630004882813 0.014779312133789062 0.014780937194824218
48 221.54531191708520055 0.013942323811848959 0.016659049987792968 0.016745427449544270
49 221.58629460819065571 0.014067256673177084 0.017373994191487632 0.017395572662353517
50 221.55090733664110303 0.013851171875000000 0.014135635375976563 0.014191394805908203
51 221.82039580261334777 0.009607982381184895 0.009673987706502279 0.009698322296142578
52 221.54576260875910521 0.009568541463216146 0.010508265177408854 0.010523796081542969
53 221.56360074272379279 0.009481827799479167 0.010769629160563151 0.010852340698242188
54 221.68191712489351630 0.009663144938151041 0.011083497365315755 0.011067586263020833
55 221.44934154301881790 0.009646663411458334 0.009167675654093424 0.009198980331420898
56 221.47197467507794499 0.009387556966145834 0.009576993306477865 0.009576082865397136
57 221.50495736161246896 0.009330899047851563 0.010400178909301758 0.010315050760904948
58 221.70952615793794394 0.009312097167968750 0.009103612263997396 0.009063950856526693
59 221.87183181894943118 0.009291525268554687 0.009385187149047852 0.009400691350301107
60 221.56302312528714538 0.009033453369140625 0.009604172388712565 0.009601008733113607
61 221.82478505745530128 0.009337893676757813 0.009749574025472005 0.009758270899454753
62 221.58174744574353099 0.009256885782877604 0.010363489151000977 0.010388495763142904
63 221.89918058784678578 0.009155948893229167 0.009450773874918619 0.009504127502441406
64 221.49804269382730126 0.009187541707356771 0.010251113255818685 0.010234992345174153
65 221.58155815908685327 0.009313701375325521 0.009200203577677408 0.009194068908691407
66 221.55072404537349939 0.009061816406249999 0.009130915323893230 0.009079854329427083
67 221.54614133993163705 0.009018249511718750 0.010309123357137044 0.010331976572672525
68 222.19436434423550963 0.008931655883789063 0.010282833735148112 0.010292891184488933
69 221.98215767135843635 0.009109775797526042 0.010961460113525391 0.010996836344401042
70 222.26286994200199842 0.009186254882812500 0.008859862645467122 0.008894901275634765
71 221.78631210466846824 0.009079524739583334 0.010334788004557291 0.010297797520955403
72 222.28956598974764347 0.008905405680338542 0.010889180501302083 0.010920939127604166
73 221.67555479705333710 0.009239130655924480 0.010973949432373047 0.010959238688151041
74 222.35049009416252375 0.008955761718750000 0.009820419311523438 0.009891181310017904
75 222.05875426717102528 0.009002353922526041 0.008996364593505859 0.008974369684855142
76 221.91794617380946875 0.008874967447916667 0.009260346730550130 0.009294172922770183
77 222.06142917415127158 0.009049861653645833 0.008779966990152994 0.008803630828857422
78 221.73573925718665123 0.008838225301106771 0.009579521179199219 0.009576901117960612
79 222.74934556102380157 0.009065920003255208 0.009226678848266601 0.009254594167073568
80 221.68363742390647531 0.009000868733723959 0.008737660725911459 0.008754966735839843
81 222.31871081981807947 0.008747106933593750 0.011500863393147787 0.011467971801757813
82 221.73148333793506026 0.008862807210286459 0.008353217442830404 0.008379621505737305
83 221.71279960079118609 0.008779814656575520 0.008910031000773111 0.008907970428466796
84 221.83722801879048347 0.008861265055338541 0.009562386194864908 0.009578923543294270
85 221.67365341167896986 0.008899395751953126 0.010549491246541341 0.010522066116333008
86 221.66582432109862566 0.008820930989583333 0.008328454335530599 0.008310010274251302
87 221.60565586015582085 0.008708448282877604 0.009198384602864583 0.009173121134440104
88 221.74034834979102015 0.008917785644531251 0.010780301411946615 0.010840677897135416
89 221.68428227491676807 0.008848818969726563 0.009047622680664063 0.009118464787801107
90 221.52191231399774551 0.008609778849283854 0.009375796635945639 0.009391230265299479
91 222.15547083364799619 0.008852064005533854 0.009762736638387044 0.009739936192830404
92 221.65574119100347161 0.008764366658528646 0.008313568115234374 0.008335229873657226
93 221.61290783807635307 0.008711656697591146 0.009372543334960938 0.009464685440063476
94 221.72637852141633630 0.008967946370442709 0.009175223032633463 0.009195733388264973
95 221.77976002311334014 0.008573614501953125 0.008814546585083008 0.008883342742919922
96 221.52617904823273420 0.008554680379231771 0.008091734568277996 0.008087216695149739
97 221.64869561139494181 0.008719067382812499 0.009505152384440104 0.009497648874918619
98 222.42530315415933728 0.008552727254231771 0.009072116216023763 0.009102642059326172
99 222.27648954465985298 0.008567383829752605 0.008564371744791667 0.008616911570231119
100 221.81797886593267322 0.008728145345052084 0.009452330907185872 0.009437969207763672
101 221.80475245462730527 0.006354261271158854 0.007917876561482748 0.007917913436889648
102 221.95471046073362231 0.006279474894205730 0.006662078857421875 0.006662266413370768
103 221.76961709884926677 0.006318670145670573 0.007012207031250000 0.007008795420328776
104 221.54198844078928232 0.006303795878092448 0.007021944046020508 0.007014426549275716
105 221.72044491674751043 0.006257438659667968 0.007020709991455078 0.007043501536051432
106 221.84430388081818819 0.006287653096516927 0.006830855051676432 0.006834575653076172
107 221.96135945292189717 0.006228305053710938 0.006436125437418620 0.006458309809366862
108 221.61791192414239049 0.006211267089843750 0.006791650136311849 0.006780658086140950
109 221.57963261101394892 0.006213755289713542 0.007483214060465495 0.007495253245035807
110 222.49460045434534550 0.006151871744791666 0.006791399002075195 0.006801559448242188
111 221.85015852889046073 0.006138492329915365 0.006371988932291667 0.006368100484212240
112 221.48115415265783668 0.006121550496419271 0.006849989573160807 0.006842915852864583
113 221.51107475627213717 0.006114354451497396 0.006229919433593750 0.006171405792236328
114 221.62398048304021358 0.006149408976236980 0.006602489471435547 0.006630318959554037
115 221.52347346721217036 0.006057604980468750 0.006413667043050130 0.006425767898559570
116 221.56129811285063624 0.006135772196451823 0.006789248784383138 0.006821028391520182
117 221.88099160231649876 0.006053659566243490 0.006314170837402344 0.006335243225097657
118 221.61609830101951957 0.005985260009765625 0.006317231496175130 0.006329132080078125
119 222.00439314218237996 0.006087303670247395 0.006706893920898438 0.006706121444702148
120 222.23336298298090696 0.006021564737955730 0.006681690216064453 0.006713806152343750
121 222.40396047895774245 0.006270693969726563 0.006819235483805339 0.006860043843587240
122 221.55651784501969814 0.006019588216145833 0.006617682139078776 0.006627224604288737
123 221.64889411628246307 0.006073332214355469 0.006800416946411133 0.006796152114868164
124 221.92091175820678473 0.005960087076822916 0.006811503728230794 0.006818667729695638
125 221.46552062407135963 0.006081345113118490 0.007752719243367513 0.007790244420369466
126 221.60591249726712704 0.006016412353515625 0.006426575342814127 0.006441380182902018
127 221.56459971517324448 0.005993774414062500 0.006144256591796875 0.006159825642903646
128 221.55197457736358047 0.006083312988281250 0.007905893961588542 0.007933870951334635
129 221.48398770578205585 0.006049615478515625 0.006189793268839518 0.006203271230061849
130 221.49929210497066379 0.005952064005533855 0.006289796829223633 0.006288117726643880
131 221.57221909007057548 0.006014037577311198 0.007104593912760417 0.007121867497762044
132 221.53963695326820016 0.006076022338867187 0.006441562016805013 0.006450584411621094
133 222.35177587298676372 0.006011383056640625 0.006731222152709961 0.006702880223592123
134 221.51351473806425929 0.005921029663085937 0.006130990982055664 0.006142950057983399
135 221.54514926392585039 0.005943822733561198 0.007012880961100260 0.007040220896402995
136 221.56227105017751455 0.006006931559244792 0.006919059753417969 0.006968814849853516
137 221.68116016266867518 0.005946618143717448 0.007255592981974284 0.007233563741048177
138 221.42424273863434792 0.005946654764811198 0.006841959635416667 0.006856646219889323
139 221.00455180695280433 0.006086237589518229 0.006409686406453450 0.006406030654907227
140 220.98160367598757148 0.005866927591959635 0.006467847188313802 0.006468449274698893
141 221.05210171034559608 0.005921365356445312 0.006304732004801432 0.006334168116251628
142 220.94869869295507669 0.005998313903808594 0.006645385106404622 0.006686205546061198
143 220.91668903082609177 0.005873915608723958 0.006470687866210937 0.006495794296264648
144 221.01654451293870807 0.005895683797200521 0.006277902603149414 0.006267604192097982
145 221.04410318471491337 0.005968244425455729 0.007057921727498372 0.007033447265625000
146 220.96278777020052075 0.005988746134440105 0.006516719182332356 0.006509554545084635
147 220.95087871886789799 0.005889360046386719 0.006403313954671224 0.006391435623168945
148 220.91564063029363751 0.005866736857096354 0.006321207046508789 0.006360329945882161
149 220.11836342606693506 0.005952161661783854 0.006378735860188802 0.006400673548380534
150 220.36601024400442839 0.005905377705891927 0.007200422922770182 0.007192286173502604
151 220.37831510277464986 0.004631951904296875 0.005211229006449381 0.005230161666870117
152 220.34023997187614441 0.004637286376953125 0.005339438120524088 0.005345151265462239
153 220.39769041771069169 0.004631863911946615 0.005329999605814616 0.005360818227132162
154 220.31593859195709229 0.004636668904622396 0.005351712544759114 0.005343957265218099
155 220.31455107918009162 0.004589520263671875 0.005136411348978678 0.005161462148030599
156 220.35664094798266888 0.004634731038411458 0.005707082112630209 0.005728000005086263
157 220.39218324841931462 0.004611294555664063 0.005091329574584961 0.005117267290751139
158 220.34637756692245603 0.004531980387369791 0.005302788416544597 0.005302058219909668
159 220.31664438685402274 0.004620937093098959 0.005267866134643555 0.005286412874857585
160 220.40133030200377107 0.004614343261718750 0.005324230194091797 0.005319192886352539
161 220.38361914036795497 0.004529364522298177 0.005241528828938802 0.005233989079793294
162 220.30676309205591679 0.004565691121419271 0.005257359504699707 0.005244683901468913
163 220.43230622028931975 0.004530233764648437 0.005471650441487630 0.005490208307902018
164 220.37802946381270885 0.004570748901367188 0.005647808710734050 0.005658056894938151
165 220.31571649387478828 0.004510359191894531 0.005256678581237793 0.005271134694417317
166 220.34450895199552178 0.004503449503580729 0.005218451817830404 0.005206685384114583
167 220.33719805395230651 0.004504618326822917 0.005217766125996908 0.005210395812988281
168 220.39568351907655597 0.004500139872233073 0.005130908330281576 0.005131719271341960
169 220.31456844694912434 0.004516986083984375 0.005447794596354166 0.005448317209879558
170 220.31460346700623631 0.004478908284505209 0.005298882166544596 0.005296056111653646
171 220.45152309164404869 0.004501786804199219 0.005074668566385905 0.005113571166992187
172 220.39047865895554423 0.004421775309244791 0.005364324569702148 0.005387279510498047
173 220.32350254897028208 0.004548856099446615 0.005321188926696778 0.005328147888183594
174 220.33073582686483860 0.004462519327799479 0.005154750823974610 0.005169886906941732
175 220.36274084914475679 0.004450131225585937 0.005058561960856120 0.005050587972005209
176 220.44629541179165244 0.004436875406901041 0.005217682838439941 0.005246350924173991
177 220.35706650326028466 0.004416501363118490 0.004951507568359375 0.004984794298807780
178 220.29444018285721540 0.004464551798502604 0.005088335037231446 0.005093017578125000
179 220.39740324020385742 0.004448839823404948 0.005449171702067057 0.005466313044230143
180 220.35715039912611246 0.004420530192057292 0.004986651102701823 0.005016440073649088
181 220.41975575406104326 0.004457336425781250 0.005231142997741699 0.005235268910725912
182 220.35370587790384889 0.004418494160970052 0.005203749656677246 0.005209359486897786
183 220.44971889210864902 0.004480635070800781 0.004957627614339192 0.004965967178344727
184 220.33615515567362309 0.004390280659993489 0.005237092653910319 0.005227115631103516
185 220.33689949708059430 0.004426778157552083 0.005470884958902995 0.005487635930379231
186 220.40526129910722375 0.004394718424479167 0.004926290829976400 0.004942836125691732
187 220.49452622327953577 0.004495564778645833 0.005164850870768230 0.005167976379394531
188 220.39901523804292083 0.004412840779622396 0.004918536504109700 0.004926324208577474
189 220.39361726399511099 0.004385107421875000 0.005086985905965170 0.005075309117635091
190 220.39663380803540349 0.004416662597656250 0.004984127998352051 0.005002203623453776
191 220.51419667713344097 0.004374608357747396 0.005255986531575521 0.005269836425781250
192 220.37929455190896988 0.004344275919596354 0.005341155370076497 0.005368513107299805
193 220.34991504531353712 0.004442835489908854 0.005466785430908203 0.005474905649820964
194 220.32408889103680849 0.004362715657552084 0.005151278177897136 0.005175302505493164
195 220.40764432726427913 0.004442234802246094 0.005233337720235189 0.005288681983947754
196 220.51529294811189175 0.004389478047688802 0.005532021204630534 0.005587249755859375
197 220.39609359204769135 0.004364688110351562 0.005025663693745931 0.005059123357137044
198 220.39769325498491526 0.004366589355468750 0.005329813639322917 0.005364389419555664
199 220.49010763783007860 0.004389423624674479 0.005061132431030273 0.005053670883178711
200 220.53943144110962749 0.004382467142740885 0.005315467198689779 0.005291131337483724
201 220.53408543718978763 0.003746767171223958 0.004644168853759766 0.004646658261617025
202 220.47252786997705698 0.003705207316080729 0.004584275881449382 0.004607280095418294
203 220.60167825734242797 0.003724593098958333 0.004522196133931478 0.004526679992675781
204 220.47043738793581724 0.003744212341308594 0.004570877710978190 0.004568570137023926
205 220.45001558912917972 0.003714563496907552 0.004602520624796549 0.004609329223632812
206 220.47376965032890439 0.003727099863688151 0.004626956621805827 0.004630604426066081
207 220.59081456391140819 0.003718412526448568 0.004723464330037435 0.004747392336527507
208 220.39727888070046902 0.003700106302897135 0.004498803138732911 0.004502676010131836
209 220.41519497288390994 0.003682122039794922 0.004686543464660645 0.004712981541951497
210 220.39749777177348733 0.003697924550374349 0.004602523167928060 0.004610383351643880
211 220.49638880323618650 0.003673604075113932 0.004539187749226888 0.004546316146850586
212 220.43160594673827291 0.003693146514892578 0.004538889567057292 0.004539924939473470
213 220.42024709098041058 0.003689900970458984 0.004762088139851888 0.004775698343912760
214 220.41484012128785253 0.003699333445231120 0.004466531117757162 0.004471441904703776
215 220.49273344501852989 0.003647047424316406 0.004546492894490560 0.004551361719767252
216 220.43991371104493737 0.003664757283528646 0.004537915865580241 0.004552103996276855
217 220.42565647885203362 0.003641415659586589 0.004492115656534830 0.004501093546549480
218 220.38353536091744900 0.003635317484537760 0.004579947153727213 0.004586392084757487
219 220.49963209917768836 0.003658456166585286 0.004583729108174642 0.004601930300394694
220 220.41831432981416583 0.003630355326334636 0.004504756291707357 0.004513893127441406
221 220.40303692268207669 0.003629891204833985 0.004541459083557129 0.004558478673299154
222 220.34379295073449612 0.003641694641113281 0.004562407811482747 0.004584101041158041
223 220.42490035993978381 0.003642479960123698 0.004653683980305990 0.004660534222920736
224 220.37588641978800297 0.003633431752522787 0.004552841822306315 0.004550084114074707
225 220.32221559016034007 0.003601741027832031 0.004434417406717936 0.004428957939147949
226 220.32649783883243799 0.003610934193929037 0.004456779162089030 0.004461682001749675
227 220.48919044015929103 0.003626304626464844 0.004507343292236328 0.004512423515319824
228 220.44652295811101794 0.003603755696614583 0.004516901016235352 0.004518203417460124
229 220.31089882925152779 0.003589202880859375 0.004444691975911458 0.004445632616678873
230 220.33420842699706554 0.003614527384440104 0.004444257736206055 0.004445072491963705
231 220.49989569606259465 0.003608600107828776 0.004404960950215657 0.004420342127482097
232 220.42534200102090836 0.003585001373291016 0.004491551399230957 0.004483905474344890
233 220.40149291278794408 0.003601713816324870 0.004497418721516927 0.004497941652933757
234 220.41345500200986862 0.003603515116373698 0.004603709538777669 0.004615149815877279
235 220.44214396690949798 0.003560991160074870 0.004515229543050130 0.004525055249532063
236 220.45783879002556205 0.003576628875732422 0.004449808120727539 0.004472735404968261
237 220.53523432509973645 0.003572992451985677 0.004621105829874675 0.004641511281331380
238 220.41229973314329982 0.003568953704833984 0.004415581703186035 0.004430236180623373
239 220.52209342783316970 0.003571336873372396 0.004524535497029622 0.004553087234497070
240 220.40655089495703578 0.003556469980875651 0.004446492513020833 0.004458319981892903
241 220.48133616801351309 0.003550503540039063 0.004472295761108399 0.004494116465250651
242 220.38707466330379248 0.003571446228027344 0.004546411196390788 0.004557641665140787
243 220.26892560394480824 0.003578854115804036 0.004436341921488444 0.004458097457885743
244 219.52019883086904883 0.003559316253662109 0.004420724868774414 0.004441903114318847
245 219.53626047028228641 0.003556059773763021 0.004836839358011881 0.004869147936503093
246 219.52877977583557367 0.003579248301188151 0.004643312454223633 0.004659367879231771
247 219.57589665101841092 0.003527744038899740 0.004577976544698079 0.004576970100402832
248 219.53691803431138396 0.003548157246907552 0.004434254964192709 0.004448946634928386
249 219.52293156506493688 0.003538845062255859 0.004559144020080567 0.004595311482747396
250 219.49733308702707291 0.003551101430257162 0.004349698066711425 0.004358637491861979
251 219.59206244815140963 0.003207627868652344 0.004173327763875326 0.004181003888448080
252 219.54297239333391190 0.003207875569661458 0.004238734881083171 0.004256449381510417
253 219.49355519795790315 0.003221816507975261 0.004253897984822591 0.004273715655008952
254 219.48903683200478554 0.003217938486735026 0.004183012008666992 0.004188244183858236
255 219.50910325860604644 0.003226032511393229 0.004201484680175781 0.004213733355204264
256 219.60425574239343405 0.003209359232584635 0.004196065902709961 0.004219278335571289
257 219.53854102827608585 0.003215961201985677 0.004235884030659993 0.004237839380900065
258 219.53748769685626030 0.003224293009440104 0.004228706677754720 0.004236063003540039
259 219.48575439583510160 0.003213583374023438 0.004177874565124512 0.004180885950724284
260 219.52645243378356099 0.003195504252115886 0.004212817509969075 0.004227534612019856
261 219.61560845607891679 0.003210044352213542 0.004136776924133301 0.004136842091878255
262 219.49352012574672699 0.003201057942708333 0.004150753021240234 0.004157216389973959
263 219.48745765909552574 0.003185783131917318 0.004276768684387207 0.004278815269470214
264 219.50219704722985625 0.003186919148763021 0.004179024378458658 0.004199783007303874
265 219.58420767681673169 0.003196080780029297 0.004182476679484050 0.004194850603739420
266 219.55151027766987681 0.003194869995117187 0.004209605216979981 0.004232581456502279
267 219.53141803992912173 0.003190507507324219 0.004138462066650391 0.004155659675598144
268 219.53046745527535677 0.003181416829427083 0.004141942024230957 0.004163572311401367
269 219.57437084289267659 0.003170714314778646 0.004133583068847656 0.004148998260498047
270 219.59813400264829397 0.003172141520182292 0.004225889841715495 0.004236160596211751
271 219.60624791076406837 0.003176810709635417 0.004206110000610352 0.004217295964558919
272 219.54374669492244720 0.003173513285319010 0.004186033884684245 0.004194793701171875
273 219.54463899694383144 0.003166018676757813 0.004182335535685222 0.004201819737752278
274 219.61935110297054052 0.003161517842610677 0.004170916239420573 0.004187585830688477
275 219.54332250077277422 0.003177055613199870 0.004201823552449544 0.004211456934611003
276 219.54250737698748708 0.003148863220214844 0.004152256011962891 0.004153155962626139
277 219.55400994187220931 0.003163382720947266 0.004150166193644206 0.004160273869832357
278 219.62815560400485992 0.003148475138346354 0.004192200342814128 0.004209091504414876
279 219.55199261568486691 0.003155713907877604 0.004157255172729492 0.004170055389404297
280 219.53958055935800076 0.003148569742838541 0.004251154581705729 0.004266281763712565
281 219.60955461813136935 0.003157876586914062 0.004140211423238119 0.004159867604573568
282 219.54323456715792418 0.003145103963216146 0.004162439982096354 0.004177972793579101
283 219.62546413997188210 0.003144667561848958 0.004161169052124023 0.004151533126831055
284 219.51079401234164834 0.003143703460693359 0.004155302047729492 0.004162883122762044
285 219.50158353801816702 0.003148391723632812 0.004164163271586100 0.004185411453247070
286 219.48001811327412724 0.003128152211507162 0.004177061716715494 0.004192370414733887
287 219.56770921219140291 0.003135887908935547 0.004087117830912273 0.004112164815266928
288 219.46645585494115949 0.003142583719889323 0.004112778027852376 0.004130805651346842
289 219.48184052575379610 0.003131022135416667 0.004156954447428385 0.004176380793253580
290 219.46918056579306722 0.003134439086914062 0.004062701861063639 0.004085375785827637
291 219.63998463423922658 0.003105238850911458 0.004249651273091634 0.004248951594034831
292 219.48667734302580357 0.003132970174153646 0.004105932235717773 0.004118401527404785
293 219.50779560813680291 0.003113537597656250 0.004174038251241049 0.004195968945821127
294 219.50983546813949943 0.003124453735351562 0.004159629821777344 0.004163682301839193
295 219.54650323186069727 0.003116001892089844 0.004110607782999674 0.004130366007486979
296 219.60365865239873528 0.003114833068847656 0.004126392364501953 0.004137874285380046
297 219.53678221721202135 0.003112086741129557 0.004071142832438151 0.004081200599670410
298 219.52691523078829050 0.003114292907714844 0.004177319844563802 0.004215268135070801
299 219.51450852910056710 0.003119216664632162 0.004081693013509115 0.004107493082682292
300 219.57293358491733670 0.003100845845540365 0.004090277353922526 0.004112856229146322
301 219.56231121905148029 0.002939661153157552 0.003997955640157064 0.004003408432006836
302 219.48239582777023315 0.002943851216634115 0.004007991472880046 0.004009848276774089
303 219.48537696432322264 0.002944934844970703 0.003989320119222005 0.004014346122741699
304 219.57448229799047112 0.002947438049316406 0.004038341522216797 0.004061575571695964
305 219.48986256122589111 0.002955739339192708 0.004008287747701009 0.004025777816772461
306 219.47562760999426246 0.002942511240641276 0.004024921417236328 0.004042136828104655
307 219.50814085686579347 0.002937995402018229 0.004006339073181152 0.004029411951700847
308 219.56602764734998345 0.002947212727864584 0.003991217613220215 0.004001483917236328
309 219.48421798972412944 0.002940122985839844 0.004021391868591308 0.004043229420979818
310 219.49019847298040986 0.002945257822672526 0.004004404385884603 0.004026787122090657
311 219.56435048813000321 0.002935561879475912 0.003990407307942708 0.004003510793050130
312 219.59384832670912147 0.002931134033203125 0.004032798131306966 0.004039167086283366
313 219.49963807314634323 0.002939906819661458 0.003982922236124674 0.004003578186035156
314 219.54048574715852737 0.002926523335774739 0.003998920758565267 0.004012079238891602
315 219.56442020693793893 0.002932397460937500 0.004026350657145183 0.004045667966206868
316 219.58043445227667689 0.002924279276529948 0.003954361915588379 0.003981027921040853
317 219.50743153691291809 0.002927977752685547 0.003976996103922526 0.003995701154073080
318 219.51917562307789922 0.002925447591145834 0.003986222902933757 0.004004383087158203
319 219.52948507992550731 0.002922945912679037 0.003988440831502279 0.003995679219563802
320 219.56630223477259278 0.002917537434895833 0.003980605443318685 0.003994411468505860
321 219.62945314683020115 0.002921336364746094 0.004006156285603841 0.004020987192789713
322 219.49604314099997282 0.002923845926920573 0.003978849728902181 0.003999166488647461
323 219.52473337296396494 0.002915257517496745 0.003981811841328939 0.004000951766967773
324 219.58070662012323737 0.002914679972330729 0.003983907063802083 0.003995723088582356
325 219.49313322035595775 0.002915814463297526 0.004005236943562826 0.004020544687906901
326 219.51951286382973194 0.002923073832194010 0.003989112854003906 0.003999762852986654
327 219.60617473302409053 0.002905807749430338 0.003979206085205078 0.003982801437377930
328 219.53148097731173038 0.002908069356282552 0.003961732864379883 0.003981656710306803
329 219.51973845902830362 0.002909642283121745 0.003956497510274251 0.003969840049743652
330 219.52294690720736980 0.002907664998372396 0.004004795710245768 0.004019310951232910
331 219.63765401812270284 0.002905261230468750 0.003990989049275716 0.004010226885477702
332 219.47385939303785563 0.002902458190917969 0.003979621251424153 0.003998031616210937
333 219.48751854989677668 0.002911380513509114 0.003992592175801595 0.004001303990681966
334 219.50107847899198532 0.002904000600179037 0.003954807599385580 0.003967578887939453
335 219.56715197395533323 0.002894052378336588 0.004058550198872884 0.004062652269999186
336 219.50857889186590910 0.002902504221598307 0.004011833826700846 0.004023586273193359
337 219.45218184776604176 0.002897923024495443 0.003957207997639974 0.003967768351236980
338 219.42726276209577918 0.002891761779785156 0.004028290430704753 0.004037926355997722
339 219.44587956275790930 0.002899573262532552 0.003984674453735352 0.004004657745361328
340 219.46206660009920597 0.002891168212890625 0.003966193834940592 0.003982316335042317
341 219.46831841208040714 0.002885186767578125 0.003946708679199219 0.003960303624471029
342 219.43032437376677990 0.002890503946940104 0.003973847071329753 0.003986316363016764
343 219.50010328879579902 0.002894199117024739 0.003953614552815755 0.003971156438191732
344 219.47176887933164835 0.002881165059407552 0.003964205106099446 0.003977471033732097
345 219.43018980091437697 0.002888337453206380 0.003967857678731283 0.003980569203694662
346 219.43649281235411763 0.002880852762858073 0.003980987230936687 0.003999834378560384
347 219.47330735297873616 0.002883495076497396 0.003967166900634766 0.003978649139404297
348 219.47738557541742921 0.002884348297119141 0.003974507649739584 0.003994709650675456
349 219.42052371241152287 0.002882356516520182 0.003983064015706380 0.004003555933634440
350 219.51412619091570377 0.002873422495524088 0.003974853515625000 0.003994473775227865
351 219.56786390114575624 0.002794761912027995 0.003900014241536458 0.003917951901753743
352 219.56463947799056768 0.002793129475911458 0.003909427324930827 0.003927259127298991
353 219.54552498273551464 0.002795191955566406 0.003906974156697591 0.003925984382629395
354 219.57901828689500690 0.002796777343750000 0.003897045771280925 0.003910612742106120
355 219.53177685337141156 0.002797057342529297 0.003898528416951497 0.003912042299906412
356 219.54190110834315419 0.002795222218831380 0.003918838183085123 0.003925511995951335
357 219.60320686688646674 0.002792517089843750 0.003892463048299154 0.003910290082295736
358 219.48514738632366061 0.002797283681233724 0.003899247487386068 0.003915157318115235
359 219.49979129387065768 0.002789165751139323 0.003911445617675782 0.003934195200602213
360 219.48647091910243034 0.002791294352213541 0.003892610232035319 0.003904081662495931
361 219.64242374384775758 0.002791068776448568 0.003915636380513509 0.003929975827534993
362 219.51469279592856765 0.002789723714192708 0.003894874572753906 0.003911871592203776
363 219.51124114310368896 0.002784941101074219 0.003918148676554362 0.003930082639058431
364 219.51203678501769900 0.002790033467610677 0.003913067499796550 0.003921231587727864
365 219.50252845790237188 0.002785828145345052 0.003909013748168945 0.003928743044535319
366 219.49065369414165616 0.002787833150227864 0.003880730946858724 0.003895057678222656
367 219.57696795789524913 0.002784167480468750 0.003904037475585937 0.003914926528930664
368 219.49111821688711643 0.002785660807291667 0.003893185615539551 0.003906337738037109
369 219.48155340412631631 0.002780830891927083 0.003881224950154622 0.003897297859191894
370 219.50124205183237791 0.002781775919596354 0.003882843971252441 0.003898768107096354
371 219.63646961562335491 0.002782915751139323 0.003902801831563314 0.003921082178751627
372 219.50475984159857035 0.002780679321289063 0.003900575955708821 0.003913320541381836
373 219.50500764977186918 0.002776907348632813 0.003898117701212565 0.003913821220397950
374 219.49363766005262733 0.002776597086588541 0.003895163853963216 0.003910203933715820
375 219.53735021734610200 0.002776127624511719 0.003886972745259603 0.003903602600097656
376 219.55788955744355917 0.002776235961914062 0.003882471084594726 0.003903190294901530
377 219.47936924407258630 0.002775698852539062 0.003893673578898112 0.003909641901652018
378 219.48798424517735839 0.002773672231038412 0.003895505269368489 0.003908923467000325
379 219.48878961196169257 0.002772920227050781 0.003877340316772461 0.003900667190551758
380 219.57248968817293644 0.002770832316080729 0.003875238418579102 0.003898555119832357
381 219.57800055295228958 0.002771158854166667 0.003883733749389648 0.003899666786193848
382 219.49471774790436029 0.002772442881266276 0.003887545903523763 0.003904380480448405
383 219.49577848985791206 0.002767763010660807 0.003893740018208822 0.003905455907185872
384 219.53366784891113639 0.002766548156738281 0.003894762039184570 0.003912201881408691
385 219.53930396726354957 0.002770086669921875 0.003899342536926270 0.003913641611735026
386 219.50136417802423239 0.002766534169514974 0.003875941594441732 0.003897197087605794
387 219.49150435626506805 0.002765665435791016 0.003906495412190755 0.003924388249715170
388 219.52309646876528859 0.002765167490641276 0.003880961736043294 0.003896140416463216
389 219.55732948193326592 0.002764842732747396 0.003890891393025716 0.003910094261169434
390 219.48805367806926370 0.002768851216634114 0.003876419385274251 0.003890078226725260
391 219.55040060216560960 0.002761584218343099 0.003880737304687500 0.003898212750752767
392 219.50193425919860601 0.002767237599690755 0.003905426661173503 0.003916726430257161
393 219.57348028197884560 0.002762011718750000 0.003867420832316081 0.003885649363199870
394 219.48930755769833922 0.002761334991455078 0.003894404729207357 0.003909921010335287
395 219.51182839274406433 0.002760681152343750 0.003876857439676921 0.003901296615600586
396 219.52946310397237539 0.002762150065104167 0.003875395774841309 0.003890537261962891
397 219.55761381983757019 0.002756702677408854 0.003865822474161784 0.003887683550516764
398 219.49063090281561017 0.002758392588297526 0.003902611096700032 0.003923557917277018
399 219.49366476573050022 0.002757882690429688 0.003885295867919922 0.003900862693786621
400 219.50662991823628545 0.002754121398925781 0.003878664016723633 0.003894281387329101
401 219.64707618113607168 0.002712537638346354 0.003844726562500000 0.003860586802164714
402 219.49832792906090617 0.002714181009928385 0.003844911575317383 0.003865486780802409
403 219.50384264439344406 0.002710901896158854 0.003846784273783366 0.003861445109049479
404 219.48903092136606574 0.002712495676676432 0.003843104044596354 0.003860439936319987
405 219.57390409987419844 0.002712229156494141 0.003855435689290365 0.003871229807535807
406 219.53014227095991373 0.002711576334635417 0.003845937410990397 0.003865147908528646
407 219.51335426978766918 0.002713107808430989 0.003849607467651367 0.003864544868469238
408 219.49848511489108205 0.002710391235351562 0.003852467854817708 0.003867527961730957
409 219.49285741290077567 0.002708474731445313 0.003858753840128581 0.003876233736673991
410 219.56726803258061409 0.002709256235758464 0.003856118837992350 0.003870016415913900
411 219.55025985883548856 0.002709765370686849 0.003846073468526205 0.003865636507670085
412 219.51862998167052865 0.002706957753499349 0.003847178777058919 0.003864757855733235
413 219.48794175591319799 0.002707366943359375 0.003842523892720540 0.003859504699707031
414 219.53277745703235269 0.002707283020019531 0.003845421791076660 0.003857812881469727
415 219.53212383808568120 0.002706551106770833 0.003855804443359375 0.003873584429423014
416 219.48011368513107300 0.002706011199951172 0.003839825312296550 0.003861783345540365
417 219.49795001978054643 0.002706840515136719 0.003842355728149414 0.003861458142598470
418 219.48521126108244061 0.002706388854980469 0.003839735031127930 0.003856765747070313
419 219.52249804604798555 0.002704347991943359 0.003847784360249837 0.003865036964416504
420 219.54454757226631045 0.002704471333821614 0.003849870045979818 0.003865948677062988
421 219.56762797106057405 0.002700909423828125 0.003843347549438476 0.003857582410176595
422 219.49898311682045460 0.002704557291666667 0.003847434361775716 0.003861113866170247
423 219.49243689421564341 0.002702264149983724 0.003840934117635091 0.003854568481445312
424 219.56604738673195243 0.002702858479817708 0.003839742342631022 0.003859439531962077
425 219.51472671004012227 0.002700151570638021 0.003847284317016602 0.003862542470296224
426 219.49647258687764406 0.002701112111409505 0.003835344632466634 0.003853521029154460
427 219.50596365984529257 0.002702212015787760 0.003858725229899088 0.003876872698465983
428 219.53452988807111979 0.002698409271240234 0.003851069768269857 0.003872179031372070
429 219.55490321293473244 0.002699871826171875 0.003837267875671387 0.003852732340494792
430 219.49837205000221729 0.002698789469401042 0.003844435691833496 0.003859626770019531
431 219.56311704730615020 0.002697501627604167 0.003843482335408529 0.003855551083882650
432 219.49975418997928500 0.002697149912516276 0.003833858489990234 0.003853208541870117
433 219.57588367024436593 0.002696154530843099 0.003840969085693359 0.003858200391133626
434 219.50300110504031181 0.002699574788411458 0.003838725725809733 0.003853714942932129
435 219.48976620193570852 0.002696629842122396 0.003839378039042155 0.003855349540710449
436 219.49780833022668958 0.002697670237223308 0.003841777165730794 0.003855055809020996
437 219.51306181820109487 0.002694870249430339 0.003835945129394531 0.003850771268208822
438 219.55238388385623693 0.002697854105631510 0.003843400955200195 0.003861446380615234
439 219.49700788082554936 0.002696901957194010 0.003835136413574219 0.003848862012227376
440 219.49169060913845897 0.002693419647216797 0.003843993504842123 0.003859552383422852
441 219.56863289186730981 0.002692958577473958 0.003830745697021484 0.003849634806315104
442 219.58679279126226902 0.002693592325846354 0.003837024688720703 0.003854459762573242
443 219.50704820686951280 0.002690686289469401 0.003851162910461426 0.003868439674377441
444 219.49967202171683311 0.002692359415690104 0.003826766331990560 0.003841198921203613
445 219.50743540097028017 0.002690854136149088 0.003841820398966472 0.003860078811645508
446 219.57272033719345927 0.002691355895996094 0.003831943829854329 0.003849884986877441
447 219.50758005958050489 0.002690304565429688 0.003830462137858073 0.003847794214884440
448 219.49424112914130092 0.002690363566080729 0.003828569730122884 0.003845133463541667
449 219.54428203497081995 0.002689297485351563 0.003842774709065755 0.003864481290181478
450 219.60960486019030213 0.002690361531575521 0.003843688964843750 0.003858292261759440
451 219.59599574562162161 0.002663166554768880 0.003821718533833822 0.003836611429850261
452 219.51198640000075102 0.002663242594401042 0.003822294235229492 0.003841348012288411
453 219.50537888519465923 0.002665876770019531 0.003819914499918620 0.003835459391276042
454 219.53255879692733288 0.002664356231689453 0.003822562535603841 0.003838021914164225
455 219.55642947694286704 0.002666082255045573 0.003823177337646484 0.003837450663248698
456 219.51320369029417634 0.002663476053873698 0.003826671918233236 0.003843211809794108
457 219.50772003177553415 0.002667943064371745 0.003822031974792480 0.003838350931803385
458 219.51856649108231068 0.002664304606119792 0.003818583806355794 0.003835847218831380
459 219.57916796579957008 0.002665598042805990 0.003818454424540202 0.003834764162699381
460 219.51237278105691075 0.002665060170491537 0.003822276751200358 0.003838637669881185
461 219.53982592094689608 0.002664970143636068 0.003819901466369629 0.003838126500447591
462 219.48682265728712082 0.002663666280110677 0.003818964322408040 0.003837211926778157
463 219.53645345196127892 0.002665732574462891 0.003818884213765462 0.003834357261657715
464 219.54792836867272854 0.002662061055501302 0.003819250106811523 0.003835461298624675
465 219.49899783218279481 0.002661119333902995 0.003821289062500000 0.003835414250691732
466 219.49668035795912147 0.002660895792643229 0.003823021252950033 0.003838877360026042
467 219.50048533594235778 0.002663217926025391 0.003817843437194824 0.003831652005513509
468 219.58157170610502362 0.002660966237386068 0.003827325503031413 0.003842467308044434
469 219.50484590837731957 0.002661643727620443 0.003816811243693034 0.003831058502197266
470 219.50435099611058831 0.002660846201578776 0.003816464424133301 0.003830025355021159
471 219.57307071005925536 0.002660912831624349 0.003820069630940755 0.003836580276489258
472 219.54473130777478218 0.002660836283365885 0.003821159680684407 0.003836650212605794
473 219.55283612105995417 0.002662173461914062 0.003817610422770183 0.003838087081909180
474 219.49897061428055167 0.002659584554036458 0.003821412722269694 0.003838424682617188
475 219.49920252477750182 0.002658528137207031 0.003818443934122721 0.003833648045857748
476 219.49237162340432405 0.002660628000895182 0.003813491821289062 0.003829619407653809
477 219.60085650393739343 0.002659583536783854 0.003813979784647624 0.003832342783610026
478 219.51606611115857959 0.002659626261393229 0.003814908981323242 0.003831363677978516
479 219.48874153243377805 0.002659202829996745 0.003823946317036947 0.003840557416280111
480 219.47564469976350665 0.002660522460937500 0.003816572507222493 0.003831052780151367
481 219.56044947216287255 0.002656977844238281 0.003814057668050130 0.003827585220336914
482 219.57996840868145227 0.002655858866373698 0.003814825057983398 0.003830570856730143
483 219.49069465417414904 0.002656959533691406 0.003818982442220052 0.003832769393920898
484 219.49787124292925000 0.002655702718098958 0.003819689432779948 0.003836091995239258
485 219.49750491604208946 0.002657676696777344 0.003817024866739909 0.003831123034159343
486 219.58126890286803246 0.002654840087890625 0.003812491099039713 0.003827058474222819
487 219.50140048004686832 0.002657150777180990 0.003819041252136230 0.003832042058308919
488 219.51929636718705297 0.002657930501302083 0.003819193522135417 0.003834813753763835
489 219.53535954700782895 0.002655511983235677 0.003818513870239258 0.003831517537434896
490 219.56968470243737102 0.002655987040201823 0.003817333221435547 0.003831699689229329
491 219.63934394391253591 0.002654611968994140 0.003814378102620443 0.003829450925191243
492 219.53500046906992793 0.002657673899332682 0.003808993657430013 0.003823788642883301
493 219.52645849809050560 0.002654699707031250 0.003818347295125325 0.003832132021586100
494 219.55137138813734055 0.002653834533691406 0.003812292734781901 0.003829159100850423
495 219.58718123286962509 0.002653324890136719 0.003818685531616211 0.003832906723022461
496 219.52915113978087902 0.002655762227376302 0.003813881238301595 0.003831525802612305
497 219.52634641015902162 0.002652331034342448 0.003819579124450684 0.003834108988444010
498 219.51374016376212239 0.002653256225585938 0.003816514333089193 0.003829219182332357
499 219.55935320025309920 0.002652858988444010 0.003813110987345378 0.003830788294474284
500 219.56904596975073218 0.002650594075520833 0.003815855662027995 0.003832215627034505
all time:110420.497s