1 23.92589079399476759 0.202755462725957236 0.163854661464691159 0.163765590508778897
2 23.02735570199729409 0.160373028596242279 0.159557485898335766 0.159386607646942152
3 22.90699766500620171 0.158079214175542188 0.157760837078094490 0.157686127821604405
4 22.99696848398889415 0.155832361936569214 0.151062979221343985 0.150903781414031990
5 22.89393363699491601 0.150663493045171099 0.142466203530629471 0.142353370666503914
6 22.98712817000341602 0.143652551333109529 0.136487775007883699 0.136300482273101820
7 24.95273723099671770 0.133714888652165742 0.145433704853057871 0.145477824529012034
8 25.01440314199135173 0.125333583037058521 0.124753812313079832 0.124835867245992022
9 25.15446291299303994 0.119984055836995437 0.123223999659220373 0.123301585356394447
10 25.15687676800007466 0.115285383494695026 0.116890177726745606 0.116919616540273025
11 25.32765133900102228 0.111607506974538168 0.183337383270263665 0.183891281922658273
12 25.17603100700944196 0.106978148571650181 0.110175587813059486 0.110230196793874108
13 25.16192226701241452 0.104373923730850221 0.202062880516052257 0.202391309420267729
14 25.25837843101180624 0.100332563829422003 0.103284647146860753 0.103262743473052976
15 25.22674114099936560 0.097479954481124884 0.096512379964192707 0.096341186205546062
16 25.14873635300318711 0.094985717789332069 0.096442742029825848 0.096516543388366696
17 23.96045234400662594 0.092644771536191300 0.130796049594879144 0.130713693777720130
18 22.83995897400018293 0.090233341185251878 0.100279258569081625 0.100165885607401528
19 22.81296309999015648 0.089352779054641729 0.101539831161499020 0.101687830766042070
20 22.96071660899906419 0.086649860644340521 0.093952856381734215 0.094095313072204589
21 22.92819783798768185 0.085040543286005660 0.093287830988566078 0.093479296207427981
22 22.80159929000365082 0.084483145833015444 0.088986453374226893 0.088955308755238854
23 22.83983294099743944 0.082220783416430160 0.091709494431813560 0.091760812759399416
24 22.94098561600549147 0.081126611081759128 0.094964181264241540 0.095012368679046624
25 22.89353604899952188 0.080225038568178808 0.096679331620534256 0.096722373008728033
26 22.88568327898974530 0.078767729902267450 0.084446028788884478 0.084412544568379724
27 22.96314147500379477 0.077688514629999803 0.085445425987243653 0.085233253717422491
28 22.95551214599981904 0.076304465198516844 0.076637019316355387 0.076806472937266029
29 22.82522816200798843 0.074865929436683659 0.120224406401316319 0.120333155314127610
30 22.96341338199272286 0.073499617266654965 0.102274012088775637 0.102424503485361737
31 23.02399628399871290 0.072268564192454018 0.083259851296742751 0.083379143714904791
32 22.94844820800062735 0.070908799441655471 0.114424683411916098 0.114633420467376707
33 22.81489875398983713 0.069769009200731910 0.077982511361440021 0.077976959943771365
34 22.75446341799397487 0.069779851786295574 0.086322587649027505 0.086428216616312656
35 22.89439075300469995 0.067486069734891255 0.084141498088836669 0.084048154910405473
36 22.91982045800250489 0.066208228087425228 0.071599776983261115 0.071667870521545413
37 22.95931113600090612 0.066184822471936550 0.083343098640441898 0.083488736550013223
38 22.64608035799756180 0.065273312656084700 0.096679317156473793 0.096941818555196124
39 22.84496503599802963 0.064274768145879110 0.137553716023763012 0.138477338631947833
40 22.86962003300141077 0.063955953145027167 0.092321502844492601 0.092532405217488609
41 22.84918959700735286 0.062593788886070256 0.071472608089447026 0.071584624131520586
42 22.75283288300852291 0.061780594857533774 0.080361736138661696 0.080598867495854695
43 22.75195822000387125 0.060791679255167645 0.071528002500534052 0.071546126842498781
44 22.88997205099440180 0.060919379170735678 0.068218227386474609 0.068485395352045689
45 22.69328065399895422 0.059826463572184248 0.080335928281148272 0.080143815676371258
46 22.74860046600224450 0.059319799534479779 0.099735316594441736 0.099698381423950197
47 22.94905184800154530 0.059122449668248492 0.063129552125930785 0.063172085682551060
48 22.86618248399463482 0.058188323020935059 0.068366455237070717 0.068471745808919265
49 22.80854207499942277 0.057315488878885906 0.065067224740982060 0.065243767420450849
50 22.80795419999049045 0.056729083482424419 0.076819667259852092 0.076768571376800543
51 22.92531708299065940 0.044411256162325538 0.047681207418441771 0.047886717875798540
52 22.84825260500656441 0.045098939689000445 0.051340003728866580 0.051544518947601321
53 22.84172311400470790 0.045085167694091800 0.052645101229349775 0.052882706562678017
54 22.91560242899868172 0.044651079010963442 0.053488760471343995 0.053512723445892335
55 22.81407171599857975 0.043836381733417508 0.049108964204788205 0.049290439605712888
56 22.89067365600203630 0.043379308537642158 0.050483102401097615 0.050570502916971842
57 22.89915416500298306 0.042992811135450996 0.061140329678853356 0.061213311990102132
58 22.99004146199149545 0.042686332444349925 0.052488334178924560 0.052594853957494102
59 22.96046819401090033 0.041978819727897645 0.060136358340581259 0.060347877422968543
60 22.82221387300523929 0.041876000495751700 0.046062000672022499 0.046270353237787880
61 22.85144870300428011 0.041096955434481303 0.044957311312357584 0.045202181657155352
62 22.83378267200896516 0.040877804044882456 0.051435110410054524 0.051549828926722212
63 22.75605428899871185 0.040690050315856936 0.043895253976186113 0.044099924484888711
64 22.78036728200095240 0.040464456709225972 0.048081616322199504 0.048130700588226320
65 22.81494127798941918 0.039572617673873899 0.044872659365336097 0.044988693157831827
66 22.75797099199553486 0.039244875554243726 0.052080580790837605 0.052193105856577555
67 22.77379437000490725 0.039160187248388927 0.049831212759017945 0.049972585121790571
68 22.72955515899229795 0.038659508971373241 0.044374843517939251 0.044516828219095868
69 22.83816017500066664 0.038737487900257113 0.043196354230244954 0.043292800426483154
70 22.74939103799988516 0.038499824178218844 0.050140672842661542 0.050254692951838174
71 22.82780230599746574 0.037512960978349053 0.047775048812230429 0.048003487745920816
72 22.75891805099672638 0.037327520279089609 0.043077795902887982 0.043132154464721677
73 22.65966981000383385 0.037476561387379967 0.048164585590362546 0.048272222995758056
74 22.77941533399280161 0.037323463877042135 0.044826208909352620 0.044943555037180581
75 22.89849384700937662 0.036688718946774800 0.055037155946095782 0.055200979630152386
76 22.74812677499721758 0.036393537771701810 0.049246535857518516 0.049494774818420413
77 22.70356561899825465 0.035968987798690795 0.049178839524586994 0.049253103335698448
78 22.63660322800569702 0.035950208441416422 0.043130000829696653 0.043356300036112468
79 22.78535389000899158 0.036065692587693529 0.049534948984781904 0.049697143316268920
80 22.82279198599280789 0.035582468843460086 0.044994020223617551 0.045240787982940671
81 22.64220547598961275 0.035139167249202727 0.051497995376586912 0.051709298690160117
82 22.74814409200916998 0.035321064229806264 0.043421778917312623 0.043495373328526814
83 22.88871997498790734 0.034825939142704009 0.044478765964508053 0.044688263734181721
84 22.70616070699179545 0.034536087731520337 0.038674243927001951 0.038765553434689841
85 22.74545384899829514 0.034579929904143013 0.044581713676452639 0.044774806737899783
86 22.91658485699736048 0.034191838785012564 0.048757137457529701 0.048880601485570274
87 22.86501706999843009 0.034085405778884886 0.039525891621907554 0.039634024302164714
88 22.80459615800646134 0.034043444657325742 0.038798563241958621 0.038846267898877462
89 22.88609484900371172 0.033840953711668648 0.038656271537144980 0.038794208844502770
90 23.11327065200021025 0.033476225419839224 0.046327675342559813 0.046405962467193605
91 22.95033708099799696 0.033466259201367698 0.050021599133809408 0.050056819518407188
92 22.97422071901382878 0.033418205479780833 0.044748530705769854 0.044837033748626708
93 22.79535231798945460 0.033133596046765648 0.043957870642344160 0.043992683966954549
94 22.94544334399688523 0.032989426434040070 0.041386165459950768 0.041504180908203125
95 22.78877880499931052 0.032809722443421681 0.036272956728935241 0.036418987313906352
96 22.86166156700346619 0.033010138436158500 0.046570357561111449 0.046661845127741498
97 22.94580085898633115 0.032872919726371762 0.039205990393956502 0.039310310244560241
98 22.89063548100239132 0.032380237702528639 0.037699243346850077 0.037810294787089027
99 22.96150509800645523 0.031994007166226704 0.045307654142379764 0.045319858471552531
100 22.92096011899411678 0.032279034646352130 0.036587205171585084 0.036729329029719038
101 22.91215643601026386 0.025778724694252013 0.029321623047192890 0.029496849417686464
102 22.99757113899977412 0.026178982329368591 0.032641646345456445 0.032715056141217551
103 22.88279675200465135 0.026326747361818951 0.030895519932111103 0.031081295688947040
104 22.86554776399862021 0.026224782200654349 0.034696177482604978 0.034787834485371906
105 22.99157982799806632 0.026067698522408804 0.030369397044181824 0.030520677089691164
106 22.89481900200189557 0.025956890948613486 0.031552569786707563 0.031608751058578494
107 22.83138502000656445 0.025922390488783517 0.038137528618176778 0.038357759714126589
108 23.02352810399315786 0.025778858474890393 0.030798378229141235 0.030933149298032123
109 23.07306653700652532 0.025475031268596651 0.031730696519215902 0.031825998425483705
110 23.08214675899944268 0.025441505777835847 0.033062627911567687 0.033207838455835977
111 22.90928107200306840 0.025324729994932810 0.034626488486925761 0.034692986289660138
112 22.97717862499121111 0.025189855015277863 0.034328673124313355 0.034622631152470905
113 22.94833229100913741 0.025178694085280100 0.032324093381563820 0.032440978169441220
114 23.03740875600487925 0.024827092353502909 0.037449397603670755 0.037570901791254677
115 22.88757154099585023 0.024864998626708986 0.031873644113540649 0.032076371749242147
116 23.04451245500240475 0.024827240757147470 0.030338860114415486 0.030459410150845845
117 23.07998495300125796 0.024756359867254892 0.030350653608640036 0.030439095338185628
118 22.88824711799679790 0.024666808116436005 0.033011728763580321 0.033140922546386717
119 22.82468421499652322 0.024421981704235075 0.029563885887463889 0.029655953407287598
120 22.85581268400710542 0.024515109201272329 0.031868271152178447 0.031923788746198022
121 22.87260976400284562 0.024188115608692169 0.028272883494695027 0.028349893450737001
122 22.96409112100081984 0.024219653356075288 0.031297083973884580 0.031391819119453428
123 23.01333965000230819 0.024189193614323933 0.028509293278058370 0.028638399402300518
124 22.78846186600276269 0.023966532460848490 0.034036783973375957 0.034204908092816670
125 22.75068143699900247 0.024190274647871653 0.028485635201136270 0.028688074111938477
126 22.84218289999989793 0.023901344184080759 0.029526275475819905 0.029662165482838950
127 22.98303381299774628 0.023896903260548909 0.029581052303314211 0.029760653694470722
128 22.99110353499418125 0.023859899938106537 0.031750378330548605 0.031821741183598838
129 22.96385344400187023 0.023714880255858103 0.028958310564359029 0.029051553010940551
130 22.98578799900133163 0.023650613971551260 0.029492473642031353 0.029569162964820862
131 22.95927911301259883 0.023602061915397644 0.030750327269236245 0.030869494875272116
132 22.99786480198963545 0.023514157982667289 0.028110756317774453 0.028164569258689879
133 22.93515157399815507 0.023389934984842937 0.029782621741294861 0.029867203752199808
134 22.88042299999506213 0.023332365874449413 0.028034377574920655 0.028147779385248820
135 22.69926582499465439 0.023207746215661365 0.027707122961680094 0.027796954075495400
136 22.82634143700124696 0.023254323426882426 0.026986302057902017 0.027110072453816733
137 22.93998888100031763 0.023164281435807545 0.030529095848401386 0.030691557327906290
138 22.86732395899889525 0.023314854681491852 0.029327713926633199 0.029434335668881734
139 23.00549092399887741 0.023091424624125164 0.029819429039955138 0.029933969815572104
140 22.98196742500294931 0.023100327865282693 0.028081462423006694 0.028163865288098652
141 22.82481844500580337 0.023001809529463450 0.030198136448860168 0.030270726680755616
142 22.74889987400092650 0.022926044199864069 0.027435720960299174 0.027524249076843262
143 22.84789474200806580 0.022944546512762707 0.027035798708597819 0.027182200272878012
144 22.90399839899328072 0.022755368582407634 0.027271267533302307 0.027387645522753398
145 22.93265280099876691 0.022653552162647247 0.025421376665433249 0.025529292782147727
146 22.74849777900089975 0.022834444220860801 0.030592217008272807 0.030657559156417848
147 22.79126596800051630 0.022698874825239180 0.025885705232620241 0.025929478486378988
148 22.86303494899766520 0.022707693378130594 0.027881091634432476 0.027961475888888043
149 22.77087610001035500 0.022492396622896194 0.026537314891815187 0.026707881053288779
150 22.93701190999126993 0.022470120823383330 0.026911670764287313 0.027001531799634299
151 22.74440053600119427 0.019517655845483144 0.025176838755607604 0.025224813421567280
152 22.75798569800099358 0.019671053389708201 0.026003867506980895 0.026081870237986245
153 22.91504767800506670 0.019776711763938269 0.023417833447456359 0.023515304406483969
154 22.73306583600060549 0.019849539707104364 0.023799784859021504 0.023907247424125672
155 22.71091066900407895 0.019758000179131825 0.029342761079470318 0.029406741976737975
156 22.91689338200376369 0.019746822903553646 0.024047043164571125 0.024152142922083536
157 22.87618278298759833 0.019642176165183385 0.025622807423273723 0.025732210755348206
158 22.72701357200276107 0.019585625785589218 0.025293549259503681 0.025415256182352703
159 22.72307781499694102 0.019420400708913804 0.024819798509279886 0.024906031886736551
160 22.62237350799841806 0.019465215388933817 0.025004199743270873 0.025092740178108214
161 22.81338463100837544 0.019402999156713487 0.024335423151652019 0.024428597609202067
162 22.90423656499478966 0.019417709894975026 0.023166097760200500 0.023260832468668620
163 22.70749518299999181 0.019350542225440342 0.023267988125483197 0.023353915492693583
164 22.87775799399241805 0.019305595401922861 0.023609591484069825 0.023730664134025574
165 22.57552142599888612 0.019238703735669455 0.024443324406941733 0.024544181903203330
166 22.76812368800165132 0.019199863111972811 0.023296258687973023 0.023406470696131387
167 22.88630201300838962 0.019109691947698595 0.022867393573125203 0.022950556357701619
168 22.91742452098696958 0.019186150348186493 0.023046917398770649 0.023141360084215801
169 22.80739853699924424 0.019092027117808660 0.024407485087712604 0.024509160240491230
170 22.92503730599128176 0.018975314120451611 0.024054494857788086 0.024146403868993124
171 22.83678230999794323 0.019040275579690933 0.024541148543357851 0.024667123238245645
172 22.97482694099016953 0.018972826443115869 0.023374993324279784 0.023480860630671185
173 22.92740368499653414 0.018903582131862641 0.023727940440177918 0.023813767393430073
174 22.75095492499531247 0.018968761459986369 0.023517936587333678 0.023614060918490092
175 22.61981269301031716 0.018814749330282210 0.022801563620567320 0.022892755786577859
176 22.72099826400517486 0.018858832327524822 0.023262402455012005 0.023363361001014708
177 22.62809282199305017 0.018760697378714879 0.023791854461034139 0.023883664449055989
178 22.36082761100260541 0.018873388896385828 0.022699990113576252 0.022770731449127196
179 22.79158627901051659 0.018692862602074940 0.023870788931846618 0.023966660499572755
180 22.85213662900787313 0.018719519605239231 0.022619038065274558 0.022718186616897583
181 22.57399239401274826 0.018580729641517003 0.023161694645881654 0.023313647627830506
182 22.75543128300341778 0.018588048984607062 0.022415718555450440 0.022513208270072936
183 22.72344435700506438 0.018630289272467297 0.023250105937321981 0.023355994145075481
184 22.68799593900621403 0.018645873453219733 0.023734654307365419 0.023818796237309772
185 22.80891725700348616 0.018459690354267755 0.023920476675033570 0.023992051760355633
186 22.79375812300713733 0.018473391638199489 0.023574754039446512 0.023650137305259705
187 22.84459377599705476 0.018594186562299730 0.023119303186734518 0.023193426171938578
188 22.79395566099265125 0.018345332525173823 0.023112507065137226 0.023210042158762614
189 22.69519447800121270 0.018497378323475519 0.023396491845448814 0.023485146562258401
190 22.92002338299062103 0.018375358231862385 0.026588636954625447 0.026707753419876100
191 22.69550470799731556 0.018335575958093007 0.023519088387489319 0.023648484905560811
192 22.74194571599946357 0.018267039499680202 0.023476624568303427 0.023557468692461649
193 22.75034144999517594 0.018333870305617651 0.023680081407229107 0.023801664471626283
194 22.76995411000098102 0.018249312009414036 0.023267489075660706 0.023381609320640564
195 22.87892186499084346 0.018205469739437104 0.022619503458340962 0.022763490160306293
196 22.69711984400055371 0.018211192111174265 0.023400872627894084 0.023458467920621236
197 22.70404377600061707 0.018261195836464565 0.022128723820050558 0.022239385366439820
198 22.82293028901040088 0.018123395933707556 0.022812084555625917 0.022899931510289510
199 22.61281876999419183 0.018229700432221094 0.023651146690050761 0.023753202756245931
200 22.85222087400325108 0.018064882137378058 0.022870741287867227 0.022962810715039573
201 22.78468007899937220 0.016685285812616347 0.021708406925201415 0.021806725978851318
202 22.75497157700010575 0.016738317249218624 0.021871564388275148 0.021990788181622822
203 22.79461902400362305 0.016808570577700934 0.021750541806221008 0.021829941034317017
204 22.82020891299180221 0.016830728789170583 0.021694873650868734 0.021780079841613769
205 22.67250636800599750 0.016783029075463612 0.021224985341231028 0.021334203600883485
206 22.71424936999392230 0.016775399607419968 0.021539031028747560 0.021627658963203431
207 22.78668491200369317 0.016711565881967545 0.022056636770566306 0.022158199628194174
208 22.86535820199060254 0.016725625956058501 0.021570276538530987 0.021688351710637412
209 22.72727635200135410 0.016733989594380060 0.021562528689702352 0.021664577881495159
210 22.93273537200002465 0.016672475387652715 0.021792117714881896 0.021860664963722229
211 22.84259144500538241 0.016644686766465504 0.021940015673637389 0.022031360586484274
212 22.99613056400266942 0.016627352980772656 0.021562640428543091 0.021656907041867575
213 22.76153812299889978 0.016592389015356701 0.021944715619087219 0.022028025110562642
214 22.70314348200918175 0.016534343934059142 0.021527294635772704 0.021598471283912658
215 22.71629276999738067 0.016543195263544717 0.021300323486328127 0.021429511547088623
216 22.78249674499966204 0.016516289093097051 0.021378637989362081 0.021466072519620259
217 22.69730611599516124 0.016471248185634613 0.021341248373190562 0.021416729231675466
218 22.71981980101554655 0.016481815886497497 0.021252915302912394 0.021340789377689361
219 22.89597839899943210 0.016466736467679342 0.021520781397819520 0.021616197407245637
220 22.83395238299272023 0.016410408975680670 0.021950847466786702 0.022061668237050375
221 22.80744416901143268 0.016391700536012650 0.021151870508988698 0.021277577737967172
222 22.93815165598061867 0.016410912706454596 0.021675008296966551 0.021779641389846803
223 22.68408241600263864 0.016345149014393490 0.021826042572657266 0.021944201032320660
224 22.84187405399279669 0.016363919730981190 0.020937235991160076 0.021024277885754904
225 22.62024389801081270 0.016283563278118768 0.021380571842193604 0.021472197175025940
226 22.84936892497353256 0.016323738040526708 0.020978673438231149 0.021063382287820179
227 22.93588372098747641 0.016260722194115319 0.021100897351900738 0.021193661133448283
228 22.58261371997650713 0.016257715725898743 0.021701434214909870 0.021802504340807598
229 22.72220237200963311 0.016225667238235472 0.021105231682459515 0.021194510598977406
230 22.81121697401977144 0.016179380595684051 0.021514146248499552 0.021605769435564678
231 22.88846625300357118 0.016206207688649495 0.021428660511970520 0.021550336122512816
232 22.72862376799457707 0.016187040960788726 0.021773841738700866 0.021883942365646364
233 22.81120621299487539 0.016170165214935937 0.022023405035336813 0.022112700700759887
234 22.72509427799377590 0.016104819866021473 0.022300035715103150 0.022426217397054037
235 22.78839477800647728 0.016109821353356042 0.021450540105501809 0.021523063917954763
236 22.79760641898610629 0.016105121197303136 0.021593134681383769 0.021685198704401651
237 22.72606813398306258 0.016057596528530119 0.023085148890813190 0.023186278144518534
238 22.81384791000164114 0.016079409295320510 0.020614314953486125 0.020698743681112925
239 22.76255096201202832 0.016040747775634131 0.020929155826568603 0.021014710088570913
240 22.80824268798460253 0.015992680048942567 0.021727885325749714 0.021803706049919127
241 22.74753611200139858 0.016008429261048635 0.021012705941994985 0.021111458917458852
242 22.72558696698979475 0.015978923974434536 0.020980040192604067 0.021098041713237762
243 22.70971008299966343 0.015996481148401895 0.020823268512884775 0.020901059269905091
244 22.89272507801069878 0.015927537892262141 0.021709658304850259 0.021792984088261923
245 22.87798418701277114 0.015895562966664632 0.021464795788129171 0.021560292720794679
246 22.80093551700701937 0.015898947155475615 0.021182320515314736 0.021237018346786499
247 22.81571029699989595 0.015898738137880963 0.021103019237518311 0.021208466907342276
248 22.62375034199794754 0.015885471731424333 0.021037085851033529 0.021114105204741159
249 22.79555930799688213 0.015866651167472205 0.020807627856731414 0.020901632984479269
250 22.79489985998952761 0.015849030007918676 0.022235176920890807 0.022330360412597658
251 22.77862264399300329 0.015155234887202581 0.020658040006955463 0.020781298518180846
252 22.72436599701177329 0.015182179973522822 0.020381889204184215 0.020482305705547332
253 22.65912221302278340 0.015200509001811345 0.020466376403967538 0.020576878507932026
254 22.82667437201598659 0.015213835604985555 0.020125802973906200 0.020225256025791168
255 22.82703527301782742 0.015205304666360220 0.020948943873246511 0.021041479289531709
256 22.90801701101008803 0.015187641817331314 0.020352719684441883 0.020470308522383372
257 22.79761543602216989 0.015173896149794261 0.020457279503345489 0.020553296009699504
258 22.85501919098896906 0.015148547575871149 0.020651233931382497 0.020754202326138813
259 25.11184031597804278 0.015141990784804027 0.020221173703670502 0.020325429856777190
260 24.65177781201782636 0.015136033471425375 0.020477639893690745 0.020565186262130736
261 23.12953892900259234 0.015109688198566437 0.020224154035250345 0.020334710975488026
262 23.04372060601599514 0.015096738209327063 0.020029715279738108 0.020135274112224578
263 23.27762815199093893 0.015075836316744487 0.021656445066134136 0.021748093605041503
264 23.23062515599303879 0.015062607902288437 0.020439752777417500 0.020540975193182626
265 23.28806059298221953 0.015055966679255168 0.020396109302838642 0.020490652720133465
266 22.83299244899535552 0.015042447710037231 0.020244097729523975 0.020336501777172087
267 22.95711751299677417 0.015011986953020097 0.020180294315020244 0.020264725307623545
268 22.96420685699558817 0.015014635586738587 0.020373346924781800 0.020469598452250163
269 22.75250577199039981 0.014989833799997965 0.020152658681074777 0.020248777985572813
270 23.00520639101159759 0.014987051353851954 0.019818301041920981 0.019915588180224101
271 22.92827814799966291 0.014955533804496129 0.020467576165994008 0.020552573382854461
272 22.90824600102496333 0.014948745858669281 0.020293794433275860 0.020415022452672321
273 22.87562623701523989 0.014938429605960845 0.020301055272420248 0.020389974713325501
274 22.96198625600663945 0.014929735861221949 0.020315024356047314 0.020415267825126648
275 23.38428359999670647 0.014924216643969219 0.020228620211283365 0.020321435491243999
276 23.91258243497577496 0.014892489814758301 0.020344990948836010 0.020430751979351045
277 26.87159865701687522 0.014904053827126821 0.020290909886360169 0.020393275260925294
278 24.56996559302206151 0.014881320848067602 0.020284477412700654 0.020385335008303324
279 25.06774611197761260 0.014859066524108250 0.020243291020393371 0.020324222127596537
280 25.07790896401274949 0.014864647847414017 0.020257104873657228 0.020363078872362772
281 25.20823143198504113 0.014830943373839060 0.020051794032255807 0.020159495572249095
282 25.70375922700623050 0.014838689843813578 0.020483282585938772 0.020596696376800536
283 24.66701078801997937 0.014822160657246907 0.020257081011931102 0.020333742082118987
284 24.94575471800635569 0.014798634644349416 0.020134822785854340 0.020225631594657897
285 25.13415593901299872 0.014788542101780574 0.020603388766447704 0.020690777619679770
286 24.31159288299386390 0.014785981065034867 0.020349300523598988 0.020441424906253815
287 24.54924171097809449 0.014761086310942967 0.020389849642912548 0.020489171246687570
288 27.46212388799176551 0.014759920688470205 0.020683642685413360 0.020812143504619598
289 26.29300865199184045 0.014735541830460230 0.019866027116775514 0.019968292991320292
290 25.73702288098866120 0.014737760208050409 0.020377952575683592 0.020471008499463400
291 25.67589805100578815 0.014738697055975596 0.020242712855339049 0.020324268142382303
292 25.73683145499671809 0.014712867422898611 0.020484200457731881 0.020584259549776714
293 25.60921551199862733 0.014718239808082581 0.019869794110457101 0.019959519187609354
294 24.01175548098399304 0.014688513555129370 0.019965535203615825 0.020065404117107392
295 24.49095918799866922 0.014667356127500534 0.020133496324221293 0.020236120442549389
296 24.30952482699649408 0.014665014698108037 0.020108639558156331 0.020210936546325685
297 24.48898473801091313 0.014644771009683609 0.020305881222089133 0.020418884555498760
298 20.27111039499868639 0.014656451404094696 0.020043930947780609 0.020108393887678783
299 18.42303490900667384 0.014637654515107472 0.019886925439039867 0.019993988653024038
300 24.48752983301528729 0.014606160960594814 0.020361927747726442 0.020435995658238729
301 23.66319821198703721 0.014276662923892338 0.019661333560943604 0.019748532334963480
302 23.90966393498820253 0.014283749836683273 0.020095336596171062 0.020176153918107349
303 23.92383032399811782 0.014301609992980958 0.019722365061442058 0.019813691099484762
304 23.61519309898721986 0.014301260644197464 0.019765932818253836 0.019852071523666383
305 23.45541082002455369 0.014286736480394999 0.019779132326443991 0.019865719517072042
306 23.57666527599212714 0.014284542427460353 0.019752889633178710 0.019836491505304973
307 24.16510858898982406 0.014279229805866878 0.019807196756203970 0.019910352349281311
308 24.41935609999927692 0.014267998415231705 0.019856042861938476 0.019934917906920115
309 23.64207978401100263 0.014258170682191849 0.019828610022862753 0.019912161449591320
310 23.88833413098473102 0.014256454128026962 0.019694313168525695 0.019781105200449626
311 25.14066691201878712 0.014236319392919540 0.019810035367806754 0.019900882701079051
312 25.20454864899511449 0.014236899566650391 0.019629173795382183 0.019736102918783825
313 23.65810234899981879 0.014229011283318202 0.019712496737639109 0.019789473911126454
314 25.43081831300514750 0.014217216670513153 0.019655930638313293 0.019749449610710144
315 24.03233543099486269 0.014209561194976171 0.019882888138294221 0.019984602034091949
316 23.58548751100897789 0.014205606635411580 0.019652718802293141 0.019740710516770680
317 23.70029839800554328 0.014190057643254598 0.019690182685852049 0.019773242990175882
318 23.48842501098988578 0.014197208241621653 0.019944652140140535 0.020037249465783436
319 23.77850634098285809 0.014180431411663691 0.020022021810213723 0.020112641016642254
320 23.66871606698259711 0.014172451525926590 0.019869749565919241 0.019967586278915404
321 23.70653051999397576 0.014162231177091599 0.019911888798077901 0.019995223740736645
322 24.90330708300461993 0.014161514886220297 0.019895509183406830 0.019976530194282530
323 24.61879533101455308 0.014152530201276143 0.019635303358236950 0.019718861381212871
324 25.07967969999299385 0.014138225416342418 0.019887527426083882 0.019985344270865124
325 24.37551844000699930 0.014137608027458191 0.019757212003072101 0.019842028458913169
326 23.96164245501859114 0.014125984263420105 0.019918463428815206 0.019995850801467895
327 23.79832476499723271 0.014112241252263387 0.020006301045417785 0.020091696043809254
328 23.56009217497194186 0.014113134304682414 0.019863607347011567 0.019951410551865896
329 23.72074362699640915 0.014095646431048710 0.019745325724283853 0.019840557098388670
330 24.14523462799843401 0.014097608733177185 0.019870668371518452 0.019960264543692270
331 24.69597916601924226 0.014088962544997533 0.019621186097462971 0.019721816738446554
332 23.79591145200538449 0.014083015954494476 0.019507734199364982 0.019588512718677519
333 23.87417135099531151 0.014079612610737483 0.019624390800793964 0.019716628154118856
334 23.90488998402724974 0.014063723558187484 0.020147697945435843 0.020227089107036592
335 24.54811476200120524 0.014059321763118108 0.019598717729250589 0.019699527521928151
336 23.58709356299368665 0.014053718851010005 0.019943555732568105 0.020051316698392233
337 24.75966879600309767 0.014056794708967209 0.019765395144621532 0.019850250860055287
338 23.49683931501931511 0.014027633921305339 0.019738875786463418 0.019842732449372610
339 23.79429715400328860 0.014041249593098958 0.019655980030695599 0.019733480532964070
340 24.25540168199222535 0.014023190021514892 0.019837251802285513 0.019913640161355335
341 23.72920248200534843 0.014020049029588699 0.020013371845086416 0.020109153787295022
342 24.32201371999690309 0.014003821025292079 0.019548216998577117 0.019652226348718008
343 24.67980942499707453 0.014005574087301889 0.019625714778900148 0.019708707133928936
344 24.73271727800602093 0.013991066769758861 0.019704273700714113 0.019797652304172516
345 24.52094519598176703 0.013986345622936885 0.019675674935181936 0.019755211432774863
346 24.00804599601542577 0.013976271945238114 0.019561407764752705 0.019661239941914876
347 23.72383500399882905 0.013980903667211532 0.019335804422696432 0.019436560332775115
348 23.90898172100423835 0.013965960931777955 0.019701372385025024 0.019806821544965107
349 23.50585475802654400 0.013962187335888545 0.019511342902978263 0.019588512599468231
350 23.66205119900405407 0.013956874066591263 0.019574584225813547 0.019658676624298096
351 23.90275450999615714 0.013771685324112574 0.019491605639457704 0.019569908301035562
352 23.83418717197491787 0.013778496835629145 0.019473379333813986 0.019562980691591899
353 24.35586155700730160 0.013780085096756618 0.019766230762004851 0.019851486106713612
354 25.99777205800637603 0.013781838788588841 0.019530481060345967 0.019623077174027760
355 23.42614764900645241 0.013768989777565003 0.019533521751562755 0.019628684043884279
356 24.58852384600322694 0.013772983163595199 0.019642446796099344 0.019732673207918803
357 25.42537170500145294 0.013769298104445139 0.019438648124535877 0.019531045416990914
358 23.70744323599501513 0.013766880120833715 0.019538828432559968 0.019638047198454540
359 24.35490647098049521 0.013765636909008026 0.019520510017871858 0.019617717802524567
360 24.38291315699461848 0.013754029186566671 0.019644969820976257 0.019737469096978506
361 24.32553623599233106 0.013747171197334925 0.019528880933920544 0.019613246798515321
362 24.35207599098794162 0.013745316869020462 0.019594004690647124 0.019685808559258777
363 24.19133183799567632 0.013741944040854772 0.019472686409950257 0.019565737446149190
364 24.31251272500958294 0.013738409960269928 0.019566082219282785 0.019657311101754508
365 19.01762497497838922 0.013733061532179515 0.019745755076408387 0.019839634954929353
366 20.27855670300778002 0.013732702434062959 0.019487836400667827 0.019579418579737346
367 17.20472289001918398 0.013722932008902232 0.019318675418694815 0.019412603278954825
368 17.18025437998585403 0.013717449814081193 0.019415988842646281 0.019505566020806629
369 17.06134472100529820 0.013714397076765696 0.019498843769232433 0.019598212083180744
370 17.17802774798474275 0.013715561056137086 0.019549024323622384 0.019636383493741354
371 17.09192155199707486 0.013711765613158544 0.019412163515885671 0.019500564177831015
372 17.10067197598982602 0.013705708452065786 0.019538415551185608 0.019624689042568207
373 16.98337531401193701 0.013699631643295289 0.019338695168495179 0.019426519254843393
374 17.07375625200802460 0.013695848743120829 0.019336079676946005 0.019423058052857718
375 17.03759762700065039 0.013692052304744720 0.019293778439362842 0.019377715071042377
376 17.03024297501542605 0.013691267118851344 0.019520846664905549 0.019614027818044028
377 16.73417717701522633 0.013685710710287093 0.019527076661586762 0.019622370223204295
378 16.46291487201233394 0.013674699423710504 0.019520809412002564 0.019611287713050842
379 16.39120789000298828 0.013677134235699972 0.019547503809134167 0.019644558568795521
380 16.79275949098519050 0.013670021126667658 0.019256100197633106 0.019351655979951223
381 16.54797288400004618 0.013661586368083954 0.019770244757334392 0.019854617575804392
382 16.65680897099082358 0.013658224278688430 0.019411813120047250 0.019508192300796510
383 16.73731379100354388 0.013654598540067673 0.019404113590717316 0.019496093610922496
384 16.82601771099143662 0.013655291696389515 0.019479167123635611 0.019561558961868286
385 16.81481362099293619 0.013648921138048171 0.019275085667769115 0.019362082918485006
386 16.73511792800854892 0.013641076836983363 0.019173400143782299 0.019267359574635823
387 16.77008568300516345 0.013637081960837046 0.019369082709153492 0.019456531246503195
388 16.76620260500931181 0.013632032541433969 0.019266490677992503 0.019361036856969199
389 16.81185045198071748 0.013631347388029099 0.019445901632308960 0.019540388643741607
390 16.82196482902509160 0.013625638641913731 0.019445435504118602 0.019540576438109081
391 16.73427162598818541 0.013625506490468979 0.019331928193569183 0.019419312993685406
392 16.79231833599624224 0.013620890130599340 0.019290921290715534 0.019380618274211885
393 16.59628913900814950 0.013612166380882263 0.019358361721038820 0.019447178105513253
394 16.58801793001475744 0.013609747815132141 0.019454921205838520 0.019540709853172303
395 16.35433645400917158 0.013602451016505559 0.019394551833470663 0.019479831635951995
396 16.48894086698419414 0.013600905263423920 0.019399468004703522 0.019474866449832918
397 16.56986653400235809 0.013597442309061685 0.019510834991931916 0.019603430310885111
398 16.58075111699872650 0.013595271523793539 0.019409209648768105 0.019512095709641776
399 16.80518925801152363 0.013587044201294581 0.019360939900080362 0.019445004999637604
400 16.80505525300395675 0.013582608854770660 0.019456710934638976 0.019545458694299061
401 16.75651609600754455 0.013484670301278432 0.019359110852082570 0.019453724364439647
402 16.77839108000625856 0.013486450666189193 0.019498496472835542 0.019585220913092297
403 16.79783100599888712 0.013487629594405493 0.019384931822617850 0.019471244116624195
404 16.75310313599766232 0.013485106267531712 0.019471157630284626 0.019556270241737367
405 16.76491255100700073 0.013483063725630443 0.019370421369870505 0.019458769639333091
406 16.74035881701274775 0.013486150755484899 0.019485005557537079 0.019564058562119801
407 16.81347153699607588 0.013480524565776189 0.019468619128068288 0.019556903878847759
408 16.77767645497806370 0.013479004021485646 0.019314416289329530 0.019398557404677073
409 16.84149194197379984 0.013476327913999558 0.019503901501496633 0.019591277897357942
410 16.85276604400132783 0.013472641851504643 0.019297743856906892 0.019377926747004191
411 16.86508226400474086 0.013470906086762746 0.019476349870363872 0.019567068815231323
412 16.81677041400689632 0.013469998757044474 0.019339541196823119 0.019431645015875500
413 16.84839971698238514 0.013467136035362879 0.019272473812103272 0.019359673996766410
414 16.76534212898695841 0.013468478139241536 0.019385220130284628 0.019474002122879027
415 16.73577783099608496 0.013461759509642918 0.019489278415838876 0.019577894190947215
416 16.83211571400170214 0.013461269573370616 0.019417306681474050 0.019508309563000998
417 16.77824023598805070 0.013458222407102585 0.019450638751188912 0.019542163948218026
418 16.75026529398746789 0.013457844769954682 0.019400820255279540 0.019490724424521128
419 16.72704088300815783 0.013456625839074452 0.019443083107471466 0.019529442628224692
420 16.83579792699310929 0.013450589954853058 0.019417330642541249 0.019516289393107095
421 16.76907703699544072 0.013449341617027918 0.019443538427352906 0.019537596106529234
422 16.78027441902668215 0.013449630842606227 0.019514156202475229 0.019605339646339415
423 16.73132661700947210 0.013440825138489406 0.019369209746519723 0.019458476225535076
424 16.78640759500558488 0.013439415707190832 0.019316451489925383 0.019408599277337391
425 16.84495735497330315 0.013437206037839254 0.019454218824704488 0.019535996536413830
426 16.87406354898121208 0.013436307380596797 0.019359435657660167 0.019436252256234486
427 16.77889676002087072 0.013434936738014221 0.019459671020507812 0.019552942633628844
428 16.72537096199812368 0.013426828006903330 0.019489568730195365 0.019580357233683267
429 16.74759589898167178 0.013424813137451808 0.019372989118099211 0.019460744241873423
430 16.83268404100090265 0.013421884735425313 0.019400653878847759 0.019485543052355447
431 22.78848974200082012 0.013422959572076797 0.019410005867481230 0.019500664134820302
432 23.55989221300114878 0.013422953273852666 0.019332464456558226 0.019421702464421590
433 24.41641709598479792 0.013421522261699041 0.019432441433270772 0.019524680455525717
434 24.56941825800458901 0.013418248248100281 0.019513990581035614 0.019600273787975311
435 24.45540484398952685 0.013412466935316721 0.019464898864428204 0.019550684551397961
436 23.59735710499808192 0.013416299164295197 0.019317478319009145 0.019409865915775298
437 23.64884773400262929 0.013410354187091191 0.019284426808357239 0.019374548157056172
438 24.08616042201174423 0.013407011097669602 0.019337072610855103 0.019419208029905956
439 23.98559779400238767 0.013405486585696538 0.019303638796011605 0.019388022263844808
440 23.78581644000951201 0.013408476956685384 0.019373209198315939 0.019459144830703736
441 23.42262607699376531 0.013406282679239909 0.019472368141015370 0.019563950876394908
442 23.51927151699783280 0.013404884175459543 0.019516933341821033 0.019601988077163696
443 23.27544350401149131 0.013402355796098709 0.019248651425043742 0.019343824287255604
444 23.24142176198074594 0.013397724250952403 0.019410187780857086 0.019492323577404023
445 23.26063090900424868 0.013397075076897939 0.019364044765631357 0.019446016689141591
446 23.18078382301609963 0.013393722591797511 0.019523761689662935 0.019610398153464000
447 23.12851260299794376 0.013391034557422002 0.019521932959556579 0.019599372764428458
448 23.32222500498755835 0.013384599820772806 0.019261292934417723 0.019347849428653717
449 23.07550717101548798 0.013382794318596522 0.019378525912761690 0.019457913855711620
450 23.08417757300776429 0.013376005043586095 0.019353724380334218 0.019436508059501648
451 23.19781491701724008 0.013320680210987727 0.019288148144880932 0.019373536368211111
452 23.65367849898757413 0.013322813906272253 0.019365929146607716 0.019452968458334604
453 22.68330444701132365 0.013325223042567572 0.019331577022870382 0.019420015970865886
454 22.61742701902403496 0.013323175036907196 0.019225833376248679 0.019314416726430257
455 22.41725746000884101 0.013319735467433929 0.019256178637345633 0.019345342755317688
456 23.37736664601834491 0.013323230810960134 0.019355295757452647 0.019442835628986358
457 22.87125882899272256 0.013326821055014927 0.019416244884332020 0.019510971148808797
458 22.90356215901556425 0.013324661986033121 0.019312732120354972 0.019394068757692971
459 22.98491275799460709 0.013325158798694611 0.019357008536656697 0.019447340885798137
460 23.23955437800032087 0.013322667519251506 0.019313329617182413 0.019396633406480155
461 22.91508525598328561 0.013319601311286291 0.019379222035408018 0.019463832298914591
462 22.99038619801285677 0.013321992437044780 0.019294838647047678 0.019387945135434469
463 22.80921283501083963 0.013318122309446335 0.019441890994707743 0.019524283627669017
464 22.84361023598467000 0.013316459127267201 0.019388799130916595 0.019479906380176545
465 22.74460820000967942 0.013315373472372691 0.019536994695663452 0.019617188115914664
466 22.92767288198228925 0.013315527451038360 0.019416472534338633 0.019503396789232890
467 22.76727508701151237 0.013313962393999099 0.019260401844978334 0.019348014712333678
468 22.83526540099410340 0.013309358845154445 0.019421563029289244 0.019511464198430379
469 22.87957574601750821 0.013309546339511872 0.019481132527192434 0.019567629933357238
470 23.09788680801284499 0.013307135456800461 0.019376008947690329 0.019462986151377360
471 23.04375955901923589 0.013309511061509450 0.019314299821853637 0.019401982367038727
472 23.01734128300449811 0.013305446294943492 0.019443663020928700 0.019532752593358359
473 22.98019988901796751 0.013302228675285976 0.019338076949119567 0.019425350209077201
474 22.95130473302560858 0.013300836575031281 0.019321872870127359 0.019409121950467428
475 23.00585003598826006 0.013302689558267593 0.019350837111473083 0.019437371214230854
476 22.93994261499028653 0.013300667138894400 0.019528646508852641 0.019609942058722178
477 22.98475503799272701 0.013300025729338328 0.019371189951896666 0.019454836487770081
478 22.89694294001674280 0.013298405154546103 0.019323161383469900 0.019410173892974853
479 22.92799060899415053 0.013297107927004496 0.019391646881898244 0.019479438185691835
480 22.98761177700362168 0.013295981119076410 0.019469591697057087 0.019550637165705362
481 22.96931189400493167 0.013294415762027105 0.019428036550680795 0.019510078767935434
482 22.85282899902085774 0.013291319892803828 0.019393019636472067 0.019483012894789379
483 22.85669425298692659 0.013292839509248734 0.019418306827545168 0.019503665566444398
484 23.01288286899216473 0.013289966567357382 0.019341482957204184 0.019428368965784707
485 22.95258022402413189 0.013287549990415573 0.019375514785448709 0.019462129751841226
486 22.88208663198747672 0.013286565492550532 0.019472761909166972 0.019557680388291677
487 22.91892561397980899 0.013284602177143097 0.019411138812700908 0.019504109740257264
488 21.27149944999837317 0.013281876778602601 0.019333152910073599 0.019426133493582409
489 20.75867361298878677 0.013282755480209987 0.019381406744321188 0.019470332582791645
490 20.61968753900146112 0.013280656061569850 0.019325765550136566 0.019418343087037403
491 15.98255800700280815 0.013277328435579936 0.019418978075186413 0.019504693448543550
492 16.06314284299151041 0.013277749286095302 0.019362537284692130 0.019447747766971588
493 15.98474929598160088 0.013275817968448003 0.019355686287085214 0.019443530062834422
494 15.95911712199449539 0.013275832976897557 0.019369750976562499 0.019457893470923106
495 16.60208834300283343 0.013274282870690027 0.019360430856545766 0.019450472414493561
496 22.85719645698554814 0.013272855055332183 0.019339343210061390 0.019420620044072467
497 22.95466595501056872 0.013273282454411188 0.019402845939000449 0.019491081078847249
498 22.96446279200608842 0.013269089565674463 0.019375305930773416 0.019463256438573200
499 23.04507943999487907 0.013268588560819626 0.019362454831600189 0.019446922242641451
500 23.03464767400873825 0.013267045432329178 0.019404281675815583 0.019493699411551157
# all time:11167.824s