1 529.25746111397165805 0.092361848958333340 0.045209019978841143 0.045104125976562499
2 527.15595125802792609 0.042996468098958331 0.042626421610514324 0.043000478108723955
3 526.82182151207234710 0.036568062337239582 0.032673896789550780 0.032509704589843751
4 526.69278810895048082 0.033099432373046876 0.029785766601562499 0.029831176757812501
5 526.69937219005078077 0.030117659505208335 0.029361246744791666 0.029322402954101563
6 526.65858584397938102 0.028720178222656250 0.028967915852864585 0.029163347880045574
7 526.65331487893126905 0.026427239990234375 0.024978795369466147 0.024899749755859374
8 526.72692404198460281 0.025813002522786458 0.025429735819498697 0.025478665669759114
9 526.72749017097521573 0.024421586100260417 0.022991002400716144 0.022896362304687501
10 526.67356625292450190 0.024078546142578126 0.027343683878580730 0.027152053833007811
11 527.07795468892436475 0.023576688639322916 0.023931137084960939 0.023963994344075520
12 526.80333879601676017 0.022104359944661457 0.025196772257486979 0.025043624877929688
13 526.78743543301243335 0.022396116129557293 0.021147987365722657 0.021188050587972004
14 526.85066823998931795 0.021608500162760415 0.019981502532958984 0.019957710266113281
15 526.70901664101984352 0.021564984130859374 0.021488255818684895 0.021407351175944011
16 527.41007083398289979 0.020796954345703125 0.023688695271809897 0.023557792663574217
17 526.46674718591384590 0.020557584635416667 0.028303095499674479 0.028206832885742189
18 526.65745472104754299 0.020239066569010415 0.024239344278971352 0.023965947469075519
19 526.52019424200989306 0.019974171956380210 0.020784094492594402 0.020714190165201821
20 526.46848311997018754 0.019269445800781250 0.023399154663085939 0.023172200520833332
21 526.54282236890867352 0.019350846354166666 0.017257939656575520 0.017331598917643229
22 526.45379542000591755 0.018852685546875001 0.018047737121582030 0.017987929026285807
23 526.40673019795212895 0.018633915201822917 0.019911763509114583 0.019883921305338541
24 526.43790988600812852 0.018772106933593751 0.020808601379394533 0.020746378580729165
25 526.60138977796304971 0.018211678059895833 0.019765933990478515 0.019783170064290364
26 526.35961977601982653 0.017732312011718751 0.017391053517659506 0.017357354482014975
27 526.42686059605330229 0.017981571451822918 0.018188632965087891 0.018124739329020183
28 526.64068555098492652 0.017621284993489583 0.019713742574055990 0.019718710581461588
29 526.94201485102530569 0.017769099934895834 0.019345478057861330 0.019317480723063152
30 528.12935636006295681 0.017593198649088541 0.020446273803710939 0.020372301737467447
31 529.41509942500852048 0.017173075358072918 0.015786560058593749 0.015815345764160157
32 528.82478398701641709 0.016799247233072918 0.017917640686035158 0.017995944976806642
33 528.92327512393239886 0.016763076782226563 0.017878465016682943 0.017622487386067708
34 528.91286384093109518 0.017057915242513020 0.018518465677897136 0.018421043395996095
35 529.00874354306142777 0.016491671752929687 0.017599698384602864 0.017569427490234376
36 528.71645796997472644 0.016489593505859376 0.014779612223307292 0.014764217376708985
37 529.37828475493006408 0.016275323486328125 0.019200955708821615 0.019221763610839843
38 528.91186619095969945 0.016408858235677084 0.016135965983072917 0.016145149230957032
39 529.01376056601293385 0.015879612223307291 0.017293051401774090 0.017156080881754559
40 529.28756985708605498 0.016037486775716144 0.016530204772949218 0.016533842722574871
41 528.73529717093333602 0.016008290608723958 0.016735664367675783 0.016651490529378254
42 528.99209698499180377 0.015841174316406251 0.015141047159830730 0.015151407877604167
43 528.82897432101890445 0.015728354899088543 0.018726806640625000 0.018871023813883465
44 528.66262621001806110 0.015589497884114583 0.015056419372558593 0.014983261108398437
45 529.02494201296940446 0.015714618937174480 0.021238416035970053 0.021296768188476561
46 529.08871038199868053 0.015350382486979166 0.017887748718261719 0.017877333323160806
47 529.07285277999471873 0.015340277099609376 0.016076380411783855 0.015998789469401042
48 529.28562898503150791 0.015296379597981771 0.018328851064046223 0.018305351257324218
49 528.50116269499994814 0.015081275431315103 0.016584960937500001 0.016460378011067707
50 529.30536826502066106 0.015165970865885416 0.015552607218424479 0.015532844543457032
51 528.91382290690671653 0.010764763387044270 0.011702346801757812 0.011732919057210286
52 529.12280031002592295 0.010595975748697917 0.010609219868977865 0.010523117701212566
53 529.08246581698767841 0.010633233642578125 0.011540229797363282 0.011586171468098958
54 528.76994745107367635 0.010416512044270833 0.012328903198242187 0.012217898050944011
55 529.43598746694624424 0.010607026163736979 0.010890752156575520 0.010917121887207032
56 528.83480668207630515 0.010259405517578125 0.011553118387858073 0.011542348225911459
57 529.40190365398302674 0.010354092407226562 0.012240390777587890 0.012237157185872396
58 529.06847599404864013 0.010329690551757812 0.010808657328287761 0.010812052408854167
59 528.70944182400126010 0.010102185058593749 0.010335789998372397 0.010309375762939454
60 529.25204987393226475 0.010141894531250001 0.010268673578898112 0.010256483078002929
61 528.89346128003671765 0.010187333170572917 0.010611188888549805 0.010567726135253907
62 529.07089582190383226 0.010062490844726563 0.010952710469563802 0.011030221303304036
63 528.54096223704982549 0.010062674967447916 0.011918346405029296 0.011904415130615234
64 528.70427980099339038 0.010156577555338542 0.010200127919514974 0.010227891921997070
65 529.12252902495674789 0.010182619222005208 0.011179601033528646 0.011107222239176432
66 528.53727731795515865 0.009892031860351563 0.010973976135253907 0.011012714385986328
67 529.20918294705916196 0.010086256917317708 0.010521732966105143 0.010485857009887696
68 528.45183198689483106 0.009887406412760417 0.010370703379313151 0.010322213490804037
69 528.77990673400927335 0.010018166097005208 0.012163950602213541 0.012143486022949219
70 528.92031310603488237 0.010047440592447917 0.010273017883300782 0.010263753255208334
71 528.91212353692390025 0.009992503865559896 0.010750610351562500 0.010768642425537109
72 529.33629090699832886 0.010107774861653646 0.010669232686360677 0.010688821156819661
73 528.60276418097782880 0.009925452677408854 0.011595021565755209 0.011639152526855469
74 529.08829891798086464 0.009834446207682292 0.010713470458984376 0.010712629954020182
75 529.01425839599687606 0.009730857340494791 0.010455383300781249 0.010510148366292318
76 528.88028684898745269 0.009889816284179688 0.010570449829101563 0.010566457112630209
77 529.12152207107283175 0.009831493123372396 0.009750445048014323 0.009775049845377604
78 528.75802468694746494 0.009828489176432292 0.010548714319864910 0.010483835220336914
79 529.46651034592650831 0.009676448567708334 0.009941435496012370 0.009865182876586914
80 528.90490974404383451 0.009845798746744792 0.010833469390869141 0.010843831380208334
81 529.27326849300879985 0.009670855712890626 0.011757074991861979 0.011780921936035155
82 529.05128444207366556 0.009716338094075521 0.010988124847412109 0.010867532094319661
83 528.49192344001494348 0.009719248453776041 0.010627707163492839 0.010649012247721355
84 529.17817429499700665 0.009880622355143229 0.014761403401692708 0.014728087107340495
85 528.36493186000734568 0.009642587280273437 0.010038511912027995 0.009999364852905273
86 529.12883673002943397 0.009480266316731770 0.010510346730550129 0.010518538157145181
87 528.68632638303097337 0.009672512817382812 0.010931142171223958 0.010952443440755208
88 528.94336495699826628 0.009591641235351563 0.009593884150187174 0.009555821736653645
89 528.99087041895836592 0.009656042480468750 0.012676507314046223 0.012724829355875652
90 528.67807212099432945 0.009485290527343751 0.009630306879679362 0.009630917231241862
91 529.41217611101455986 0.009647416178385416 0.010204255421956380 0.010157514572143554
92 528.32902962807565928 0.009624365234375000 0.010416368484497070 0.010514733632405598
93 529.24185535998549312 0.009536487833658853 0.010130779266357422 0.010123236338297526
94 528.52041170292068273 0.009608151245117188 0.010744041442871093 0.010739077250162760
95 529.03905331494752318 0.009725214640299479 0.009675694147745769 0.009736094792683919
96 528.93376776401419193 0.009494926961263021 0.009456701278686523 0.009494720458984375
97 528.66262731992173940 0.009486299641927083 0.009655567804972330 0.009638074239095053
98 529.34939307498279959 0.009714231363932291 0.009966020584106445 0.010001792271931965
99 528.46650695288553834 0.009347635904947917 0.010186430613199869 0.010115117390950520
100 528.83164623600896448 0.009748518880208333 0.009456272761027017 0.009472478230794270
101 528.90502396901138127 0.007055089823404948 0.008080018361409506 0.008098114649454752
102 528.56573007802944630 0.007024452209472656 0.007847612380981445 0.007820394515991211
103 528.62763975304551423 0.007009378051757813 0.007996315002441407 0.007925469716389974
104 528.24642956303432584 0.006894017028808594 0.008653002421061198 0.008681868871053060
105 528.69870491896290332 0.006992910766601562 0.007828374226888021 0.007861627578735351
106 528.37004122696816921 0.006930899556477865 0.007925792694091797 0.007878405888875326
107 529.03879659401718527 0.006906760660807291 0.008087879180908203 0.008130386988321940
108 527.96169552800711244 0.006881140136718750 0.007551718393961589 0.007562000274658203
109 528.93351625802461058 0.006869482421875000 0.008172558466593425 0.008191378275553385
110 527.98724025697447360 0.006842068481445312 0.008180732727050782 0.008166670481363932
111 529.15759969002101570 0.006806508382161458 0.008220218658447265 0.008217268625895183
112 528.38309932698030025 0.006717369588216146 0.007829808553059895 0.007835718154907226
113 528.70115688501391560 0.006757173156738281 0.007590219497680664 0.007623044967651367
114 528.50759307795669883 0.006781868998209636 0.007558241526285807 0.007563839594523112
115 528.68052796204574406 0.006788953653971354 0.007932707468668620 0.007936593373616536
116 529.11170808307360858 0.006761183166503907 0.007819767634073892 0.007846548716227213
117 528.01038947002962232 0.006829977416992187 0.007672330856323242 0.007718718846638997
118 528.99404000095091760 0.006773024495442708 0.007427323659261068 0.007386491139729817
119 528.64271488890517503 0.006816228230794271 0.007853710174560546 0.007885379791259766
120 528.76519785099662840 0.006659534708658854 0.007436826070149740 0.007430713653564453
121 528.61095083493273705 0.006712286376953125 0.007957413991292317 0.007991832733154297
122 528.53182946995366365 0.006712569173177084 0.007726730346679688 0.007745141347249349
123 529.08205166505649686 0.006722560628255208 0.007964749654134115 0.007976940155029297
124 528.37884775397833437 0.006651830546061198 0.007308410008748372 0.007289272308349609
125 528.86641361494548619 0.006671176656087239 0.007669512430826823 0.007632648468017578
126 528.50514327303972095 0.006765666198730469 0.008170722325642903 0.008221576690673828
127 528.88321656908374280 0.006697993469238281 0.008136892954508463 0.008118267695109049
128 528.49602564400993288 0.006612346394856771 0.009852739969889323 0.009803982416788736
129 528.62673080503009260 0.006727021280924480 0.007548119862874349 0.007550359725952149
130 529.11500239395536482 0.006690373229980469 0.007506495793660482 0.007575845718383789
131 528.18562271003611386 0.006642044576009114 0.007834545135498047 0.007776420593261718
132 529.05645766702946275 0.006608578491210938 0.008890552520751953 0.008854141871134440
133 528.48429547098930925 0.006652020772298177 0.007937962849934897 0.007940032323201498
134 528.89593766198959202 0.006549782816569011 0.008975849151611329 0.008981083552042643
135 528.65669109602458775 0.006659650675455729 0.007782576243082683 0.007755952835083008
136 528.88117901794612408 0.006572921244303385 0.007445508321126302 0.007467529932657878
137 528.65438334702048451 0.006614855957031250 0.008581307093302409 0.008561165491739908
138 528.39699058898258954 0.006602848307291667 0.007991685231526692 0.007974631627400716
139 528.71064948593266308 0.006644908650716146 0.007798720677693685 0.007765826543172201
140 528.39804253994952887 0.006556695556640625 0.007330586115519205 0.007348592122395833
141 529.21613771305419505 0.006586819458007813 0.007405094146728516 0.007391164143880209
142 528.44269388401880860 0.006569082641601562 0.007619312286376953 0.007645712534586588
143 529.01820853294339031 0.006532676696777344 0.007913415273030598 0.007901983896891276
144 528.39936094498261809 0.006595960489908854 0.007630400975545248 0.007623880386352539
145 528.86564665299374610 0.006608882649739583 0.007510955810546875 0.007489992141723633
146 528.15920035005547106 0.006493895975748698 0.007577088673909506 0.007562362670898438
147 529.20657918800134212 0.006547222391764323 0.008155885060628256 0.008124897003173828
148 528.05472368805203587 0.006547841898600261 0.007737724304199218 0.007782764434814453
149 529.06223490799311548 0.006526123046875000 0.008682313283284506 0.008673640569051106
150 528.05444402899593115 0.006516883341471354 0.007315326690673828 0.007318791707356771
151 530.04877638199832290 0.005191183980305989 0.006479996363321940 0.006440511703491211
152 528.43609538895543665 0.005157942199707031 0.006529591878255209 0.006519506454467774
153 529.27602661494165659 0.005169070943196615 0.006549528757731120 0.006573648452758789
154 528.51227366901002824 0.005134308878580729 0.006507216135660807 0.006548159281412761
155 529.13317307503893971 0.005126833089192709 0.006945667902628580 0.006970631281534831
156 528.67347962199710310 0.005129867553710937 0.006729635238647461 0.006686941146850586
157 528.96833568904548883 0.005066651916503906 0.006519344329833985 0.006470500946044922
158 528.74733349308371544 0.005136850484212240 0.006395988464355469 0.006384339014689128
159 528.87455025105737150 0.005066948954264323 0.006385093053181966 0.006404047648111979
160 528.28449272795114666 0.005082383728027343 0.006832490921020508 0.006812635421752930
161 529.23439175391104072 0.005079155476888021 0.006316924413045247 0.006309401194254557
162 528.77427904808428138 0.004996509806315104 0.006733660380045573 0.006690943400065104
163 528.85001701803412288 0.005057698567708334 0.006597426732381185 0.006582824071248373
164 529.26014394604135305 0.005027235412597656 0.006319278717041015 0.006308171590169271
165 528.02899108000565320 0.005053251647949219 0.006531452178955078 0.006507363001505534
166 528.91689814603887498 0.005010264078776042 0.006520392735799153 0.006512410481770833
167 528.07105588295962662 0.004963033548990885 0.006332433700561523 0.006330523808797200
168 529.19642573292367160 0.004999370320638021 0.006455794016520182 0.006430583953857422
169 528.12029707990586758 0.004988289896647136 0.006285800933837891 0.006277489980061849
170 528.99444774794392288 0.004957627868652344 0.006243148803710938 0.006255545298258463
171 528.94346446893177927 0.005034008280436198 0.006395921071370443 0.006377978006998698
172 529.29707512597087771 0.004905286153157552 0.006267654418945313 0.006272919972737630
173 528.33725390804465860 0.004972345987955729 0.006671274820963542 0.006641990025838217
174 528.81481555209029466 0.004947257486979166 0.006568649291992188 0.006544822692871093
175 528.57461443392094225 0.004967920430501302 0.006421582539876302 0.006412288029988607
176 528.74269999901298434 0.004923016866048177 0.006185754776000977 0.006144761403401693
177 528.78148025099653751 0.004886414082845052 0.006245150248209636 0.006230087280273438
178 529.19024181307759136 0.004904666137695313 0.006630905787150065 0.006606238047281901
179 529.11031194403767586 0.004923436991373698 0.006278392155965169 0.006270608266194661
180 528.36966148007195443 0.004965815734863281 0.006453275044759114 0.006429623921712239
181 529.20034926198422909 0.004937384541829427 0.006508715947469075 0.006489216486612956
182 528.52951649704482406 0.004908739217122396 0.006649200439453125 0.006660118738810221
183 529.39936936704907566 0.004934182739257813 0.006185354868570964 0.006237873077392578
184 528.32963123102672398 0.004858081054687500 0.006204116185506185 0.006191805521647135
185 529.14308304898440838 0.004886372884114584 0.006195432662963867 0.006197341918945313
186 528.20030058396514505 0.004883989969889323 0.006561528523763020 0.006561038335164388
187 529.15971816296223551 0.004888259887695313 0.006275006612141927 0.006242133458455403
188 528.81969494302757084 0.004919943237304688 0.006351565678914388 0.006321382522583008
189 529.18266290891915560 0.004899150594075521 0.006242551167805989 0.006211388270060222
190 529.48303452995605767 0.004810617065429687 0.006230290730794271 0.006221954981486003
191 529.05907561199273914 0.004848807779947916 0.006255488713582356 0.006211629231770833
192 529.58529568498488516 0.004928612772623698 0.006260151545206706 0.006245899200439453
193 530.44520775205455720 0.004866134643554687 0.006391674677530925 0.006363368988037109
194 529.43303573504090309 0.004870845031738282 0.006327377319335937 0.006359179178873697
195 530.58718715503346175 0.004892017618815104 0.006370037078857422 0.006361039479573568
196 533.07268697209656239 0.004842675781250000 0.006147549947102864 0.006128188451131185
197 539.10028036590665579 0.004817124430338542 0.006390822728474935 0.006359611511230469
198 534.73267911293078214 0.004853911336263021 0.006382454554239909 0.006382104237874349
199 533.35107351897750050 0.004867918904622396 0.006213651021321614 0.006199071884155274
200 533.69203308201394975 0.004879966227213542 0.006196871439615885 0.006192440032958984
201 533.52543146803509444 0.004145360819498698 0.005861971537272135 0.005859050750732422
202 535.53477721591480076 0.004095529174804688 0.005725835164388021 0.005725649515787761
203 536.65710440301336348 0.004122102610270182 0.005850874582926433 0.005867073059082031
204 532.94237828906625509 0.004130756886800130 0.005737637201944987 0.005717563629150391
205 533.99074677203316242 0.004108792622884115 0.005920211791992188 0.005915054957071940
206 533.56260292197111994 0.004100409189860026 0.005760605494181315 0.005773192723592123
207 533.73339842807035893 0.004081901550292969 0.005681406021118164 0.005658989588419597
208 536.60390206298325211 0.004079755147298177 0.005771341959635416 0.005790714263916016
209 534.30366770492400974 0.004076958719889323 0.006001566569010417 0.006000959396362305
210 535.06627269508317113 0.004076549784342448 0.005729049682617188 0.005723186492919922
211 534.58892565197311342 0.004051305135091146 0.005771865208943685 0.005761793136596680
212 533.86569842102471739 0.004040643819173177 0.005818839391072591 0.005784593582153321
213 536.14952912100125104 0.004070573933919271 0.005771963755289713 0.005753287633260091
214 536.51024445495568216 0.004044724019368490 0.005701354980468750 0.005712864557902019
215 540.54759116400964558 0.004004327646891276 0.005770991007486979 0.005763542175292968
216 535.72097992291674018 0.004052704620361328 0.005692716598510742 0.005683790206909180
217 537.43605426989961416 0.004015735117594401 0.005717048645019531 0.005738107045491537
218 536.81491826800629497 0.004019611612955729 0.005658631006876628 0.005651730855305990
219 534.28698927105870098 0.004018014526367187 0.005824164708455403 0.005798789342244466
220 534.61916360398754478 0.004036424001057943 0.005655645370483398 0.005624796549479167
221 534.43485627102199942 0.003992518870035807 0.005713227589925130 0.005702578226725261
222 532.75784488499630243 0.003990127563476563 0.005630756378173828 0.005608857472737630
223 534.65341611299663782 0.003977260335286458 0.005628014882405599 0.005618414560953776
224 534.30019835499115288 0.004004577636718750 0.005794115702311198 0.005820606867472331
225 533.14764206495601684 0.003977365875244140 0.005651669820149740 0.005664184570312500
226 534.97246331593487412 0.003986793772379558 0.005666573842366536 0.005658869425455729
227 533.48325492197182029 0.003961664835611979 0.005688978830973307 0.005666521072387696
228 533.56980540102813393 0.003973495229085287 0.006012348810831705 0.005998017628987630
229 534.13184400601312518 0.003960494995117188 0.005642959594726563 0.005621896107991536
230 533.14524078404065222 0.003984039815266927 0.005614266713460286 0.005607629140218099
231 534.72565312299411744 0.003989248911539713 0.005676733652750651 0.005656887054443360
232 535.28594056807924062 0.003914774068196614 0.005757287979125976 0.005764787038167318
233 533.04679210204631090 0.003937962595621745 0.005762295405069987 0.005741507848103841
234 534.49477832205593586 0.003943903096516927 0.005663458506266276 0.005641810735066732
235 533.87056148797273636 0.003943160247802734 0.005997300465901693 0.005983923594156901
236 534.20652904291637242 0.003935143025716146 0.005629293441772461 0.005628532409667969
237 534.16845457302406430 0.003933681742350261 0.005613054275512695 0.005611527125040690
238 533.79282504098955542 0.003920398712158203 0.005705728530883789 0.005681319554646810
239 533.50357628602068871 0.003909553527832031 0.005784491221110026 0.005770622889200846
240 535.82352497603278607 0.003930590057373047 0.005689687093098958 0.005661056518554687
241 533.36003676895052195 0.003911237080891927 0.005613780975341797 0.005584436416625977
242 533.54832464596256614 0.003899601236979167 0.005648246765136719 0.005626342773437500
243 535.73649461707100272 0.003904300435384114 0.005599244435628255 0.005585547129313151
244 534.38849400100298226 0.003931535847981771 0.005545155843098958 0.005530810038248698
245 533.16205946099944413 0.003895465087890625 0.005649345397949219 0.005643534978230795
246 533.99910915002692491 0.003888786824544271 0.005639128367106120 0.005618548075358073
247 533.50729408499319106 0.003892583211263021 0.005617994944254558 0.005606831232706706
248 533.52889462199527770 0.003878721110026042 0.005704940795898438 0.005666056315104167
249 535.04889255005400628 0.003899034372965495 0.005629753112792969 0.005632219950358073
250 532.85081258404534310 0.003874990590413411 0.005557240804036459 0.005559164683024089
251 536.31065658596344292 0.003539728037516276 0.005378611882527669 0.005373037338256836
252 535.32046293898019940 0.003523021443684896 0.005433412551879882 0.005410525004069010
253 532.81628598994575441 0.003515249125162761 0.005416494369506836 0.005391357421875000
254 535.46627150289714336 0.003531246948242187 0.005392082214355469 0.005371802647908528
255 534.97514370607677847 0.003521553802490234 0.005414569854736328 0.005390279134114584
256 534.25852755794767290 0.003513412475585937 0.005448180516560873 0.005419825871785482
257 535.54943557700607926 0.003518379211425781 0.005392075856526693 0.005372784296671550
258 534.96174578706268221 0.003511279296875000 0.005404834111531575 0.005382841746012370
259 534.84453325695358217 0.003510803222656250 0.005358381271362305 0.005340667724609375
260 535.56397197907790542 0.003494742838541667 0.005433228810628256 0.005434805552164713
261 533.94339516991749406 0.003498924763997396 0.005401598612467448 0.005393434524536133
262 534.91784937691409141 0.003496987406412760 0.005434155146280924 0.005419447580973308
263 535.94573633000254631 0.003484302775065104 0.005402110417683919 0.005394351959228516
264 533.65969828201923519 0.003477058410644531 0.005382362365722656 0.005370655695597331
265 535.53885647305287421 0.003480622355143229 0.005404077529907227 0.005407607396443685
266 534.25021837907843292 0.003481448872884115 0.005419830322265625 0.005402494430541993
267 534.21978824504185468 0.003485566202799479 0.005398130416870118 0.005381516774495443
268 534.35456412204075605 0.003471863301595052 0.005380432128906250 0.005377236684163411
269 533.84197434689849615 0.003473261260986328 0.005334058761596680 0.005304290135701497
270 533.54767109302338213 0.003468589528401693 0.005377696355183919 0.005338578542073568
271 534.52232247998472303 0.003461726633707682 0.005425206502278646 0.005391920725504557
272 533.40377749595791101 0.003459786224365235 0.005368968327840169 0.005364379882812500
273 534.03211725002620369 0.003448604838053385 0.005386829376220703 0.005368448257446289
274 548.57906786201056093 0.003453831481933594 0.005367364247639974 0.005346691767374675
275 559.41135413094889373 0.003440109252929687 0.005406844456990560 0.005401201248168945
276 543.16530218499246985 0.003449608866373698 0.005377521514892578 0.005374326070149740
277 564.75556185597088188 0.003438785044352214 0.005329682668050130 0.005317858695983887
278 552.09839807206299156 0.003429119618733724 0.005376235961914062 0.005342252095540364
279 553.22027886600699276 0.003441580963134766 0.005419729232788086 0.005410926818847656
280 562.17364467203151435 0.003427040354410807 0.005390763600667318 0.005386011759440104
281 553.86553608207032084 0.003423030598958334 0.005360581715901693 0.005340793609619141
282 554.38785010995343328 0.003428575642903646 0.005366214116414388 0.005361859003702799
283 569.24832604802213609 0.003426290893554688 0.005343416213989258 0.005321649233500163
284 557.01992242003325373 0.003425238545735677 0.005329512278238933 0.005320161183675130
285 534.59963176900055259 0.003406947326660156 0.005383075078328451 0.005365357716878255
286 545.12819737195968628 0.003413044738769531 0.005341873804728190 0.005315794308980306
287 569.27145873697008938 0.003421324920654297 0.005328585306803385 0.005313189506530762
288 558.80971583200152963 0.003419285329182943 0.005304417928059896 0.005300848642985026
289 577.51286155404523015 0.003406207021077474 0.005386105219523112 0.005375558217366536
290 560.06496090593282133 0.003394397989908854 0.005439692179361980 0.005415031433105469
291 560.22183379193302244 0.003401162719726562 0.005374935150146485 0.005348856608072917
292 578.15316682099364698 0.003407931264241537 0.005322905858357747 0.005305659929911295
293 562.40414993895683438 0.003393776957194011 0.005301856358846029 0.005279873847961426
294 566.78071220894344151 0.003380298614501953 0.005379002888997396 0.005375476201375326
295 565.04999646497890353 0.003388653055826823 0.005431596755981445 0.005407728195190429
296 553.29876359307672828 0.003392548878987630 0.005468367258707682 0.005442976633707682
297 571.86916881101205945 0.003385734558105469 0.005391147613525391 0.005390597025553385
298 570.00045242009218782 0.003377812703450521 0.005330662409464519 0.005316251118977864
299 564.42068957898300141 0.003377880605061849 0.005372769037882487 0.005345184326171875
300 559.21679893904365599 0.003386970520019531 0.005395470937093099 0.005385335922241211
301 558.61429920094087720 0.003206447092692057 0.005222515106201172 0.005202660878499349
302 568.53581693209707737 0.003199584706624349 0.005219338099161784 0.005203182538350423
303 560.49706426996272057 0.003199305470784505 0.005232631683349609 0.005213232040405274
304 570.18320519197732210 0.003201229858398438 0.005218113899230957 0.005204809824625651
305 539.45198329607956111 0.003196402231852214 0.005283676783243815 0.005254267374674479
306 532.96637164393905550 0.003191026814778646 0.005247863769531250 0.005218682924906412
307 534.12936807598453015 0.003193901824951172 0.005280727386474609 0.005250234285990397
308 533.34050461894366890 0.003194793955485026 0.005252484003702799 0.005225641568501790
309 533.33897679194342345 0.003184258015950521 0.005266494433085123 0.005253005663553874
310 534.05357036308851093 0.003191354115804036 0.005237154960632324 0.005215626080830892
311 532.44680904399137944 0.003187059529622396 0.005226111729939779 0.005210288047790527
312 534.39673732989467680 0.003180181884765625 0.005235455513000488 0.005226887067159017
313 533.68752231507096440 0.003183737691243489 0.005241517066955566 0.005235184033711752
314 533.75366924493573606 0.003178241475423177 0.005271164894104004 0.005244139353434245
315 535.28475855395663530 0.003180562082926432 0.005251942952473958 0.005228319803873698
316 533.54882748296950012 0.003171519215901693 0.005239608446756998 0.005219348271687825
317 534.54891553707420826 0.003172199249267578 0.005228446324666341 0.005213363329569499
318 534.62228978599887341 0.003172080993652344 0.005228618939717611 0.005218819936116536
319 532.76123542198911309 0.003168529510498047 0.005217341740926106 0.005209528605143230
320 534.80229017802048475 0.003164439646402995 0.005244234402974447 0.005217070261637370
321 533.58995722502004355 0.003165381368001302 0.005261464118957520 0.005254085540771484
322 533.49568000400904566 0.003158362325032552 0.005216197967529297 0.005196679433186849
323 533.91511549800634384 0.003157222239176432 0.005224447568257649 0.005200135231018066
324 533.91473316098563373 0.003165945180257161 0.005226531664530436 0.005216182390848796
325 534.68944170698523521 0.003155693308512370 0.005245799382527669 0.005214719136555989
326 533.54296058206818998 0.003151379903157552 0.005235049247741699 0.005218094825744629
327 534.02398607495706528 0.003151552836100260 0.005215293566385905 0.005205002148946127
328 532.45381132897455245 0.003146214040120443 0.005218282699584961 0.005190874735514323
329 535.65590530191548169 0.003147488149007162 0.005252381324768066 0.005239123662312825
330 533.74268741800915450 0.003144253794352213 0.005230625470479329 0.005205875714619955
331 533.41002590896096081 0.003141254170735677 0.005238843282063802 0.005212719599405924
332 536.01077046105638146 0.003144768015543620 0.005259701728820801 0.005237886746724447
333 532.96697163302451372 0.003143985239664714 0.005216906547546387 0.005196427663167318
334 534.90993554599117488 0.003136451466878255 0.005217783927917481 0.005195429166158040
335 533.19999626697972417 0.003133110046386719 0.005240145047505696 0.005224302291870118
336 533.74818029091693461 0.003139488220214844 0.005198553403218587 0.005178183237711589
337 533.22149534197524190 0.003130251566569011 0.005210407257080078 0.005198483784993490
338 534.74256501591298729 0.003132500712076823 0.005189837137858073 0.005163340886433919
339 534.67522304493468255 0.003129661051432292 0.005192637125651042 0.005182169278462728
340 532.82994488102849573 0.003130765279134114 0.005281995137532552 0.005259754180908204
341 536.25713221798650920 0.003124830373128255 0.005229276339213053 0.005216923077901205
342 533.75551989208906889 0.003130019124348958 0.005207503000895182 0.005180418650309245
343 534.56083598302211612 0.003123161061604818 0.005227335611979167 0.005212405522664388
344 533.62246684101410210 0.003122201538085938 0.005195678075154623 0.005186203002929687
345 533.06092899001669139 0.003118980916341146 0.005182368596394857 0.005167498906453451
346 533.79145261493977159 0.003114508310953776 0.005203617095947266 0.005168222109476726
347 533.90887214196845889 0.003115920511881511 0.005194204330444336 0.005172476132710775
348 535.64405798993539065 0.003111879221598307 0.005207277933756510 0.005192624409993490
349 532.45181142201181501 0.003116118113199870 0.005191470146179199 0.005167450586954753
350 534.54390663502272218 0.003107354736328125 0.005184627532958984 0.005165279070536296
351 543.44520642003044486 0.003023460642496745 0.005160037994384766 0.005150523503621419
352 535.71219742204993963 0.003021615346272787 0.005168420473734538 0.005156807581583659
353 535.59276374208275229 0.003023553212483724 0.005189090410868327 0.005158438046773275
354 533.68082179699558765 0.003020366414388021 0.005155161857604980 0.005132160822550456
355 538.76730276807211339 0.003019080098470052 0.005187345822652181 0.005162058830261230
356 542.42568989598657936 0.003017688496907552 0.005152414004007976 0.005135951995849609
357 543.10263843298889697 0.003015104929606120 0.005188677787780762 0.005163281440734863
358 548.28032018092926592 0.003019272867838542 0.005152376492818197 0.005138331095377605
359 537.13170181598979980 0.003014553324381510 0.005160458246866862 0.005134973208109538
360 534.49136689293663949 0.003011699676513672 0.005151225407918294 0.005136557896931966
361 535.74340883491095155 0.003012423197428385 0.005156533559163411 0.005136016209920247
362 533.46912033401895314 0.003011042277018229 0.005165864944458008 0.005138164202372233
363 535.68853367900010198 0.003008656311035156 0.005149294535319010 0.005122828165690104
364 533.27312981197610497 0.003009512074788411 0.005151273727416993 0.005131362597147623
365 533.36966318311169744 0.003009354909261068 0.005159192403157552 0.005138263066609701
366 534.59117377304937690 0.003005296579996745 0.005155073801676432 0.005131595293680827
367 534.48073111195117235 0.003004784138997396 0.005158295631408691 0.005136784235636393
368 534.72993012296501547 0.003002321624755860 0.005157677014668783 0.005138180414835612
369 534.81956814194563776 0.003002001190185547 0.005141091664632161 0.005122056961059570
370 534.98692282906267792 0.003003619384765625 0.005167207400004069 0.005150238355000814
371 534.57463437900878489 0.002999930318196615 0.005143301328023275 0.005130928675333659
372 537.08525755803566426 0.003000327809651693 0.005147064208984375 0.005122049331665039
373 535.52597463701386005 0.002998451741536458 0.005148244857788086 0.005124320665995280
374 532.86527781095355749 0.002995607248942057 0.005143732706705729 0.005123046875000000
375 533.98886663094162941 0.002994952901204427 0.005155019760131836 0.005124446551005046
376 534.27816331596113741 0.002992429606119792 0.005152409235636393 0.005127123514811198
377 535.03112796891946346 0.002997198994954427 0.005163282712300619 0.005146509488423666
378 535.35684791195672005 0.002988715108235677 0.005147490183512370 0.005126075426737467
379 534.52715730411000550 0.002991597747802735 0.005143174807230632 0.005129444440205892
380 534.01267731294501573 0.002989287821451823 0.005144831339518229 0.005123819986979167
381 535.39791475899983197 0.002988357798258464 0.005133814493815104 0.005113032341003418
382 534.39091037597972900 0.002985139973958333 0.005149254163106283 0.005119036038716634
383 529.87209039297886193 0.002990526835123698 0.005152107238769531 0.005130362828572591
384 529.20388018491212279 0.002984899902343750 0.005134590466817220 0.005117995262145996
385 529.02737840299960226 0.002983535257975260 0.005147921880086263 0.005131099065144857
386 528.67293211002834141 0.002982887776692708 0.005148848533630371 0.005125033378601074
387 529.27103536401409656 0.002978803761800130 0.005135262489318847 0.005115216890970866
388 528.31363589398097247 0.002979983011881510 0.005138882637023926 0.005118724187215169
389 529.61735176900401711 0.002981965382893880 0.005176907221476237 0.005142351786295573
390 528.63109548401553184 0.002977042134602865 0.005136504809061686 0.005116650899251302
391 529.33977104304358363 0.002975918070475260 0.005137548128763834 0.005116901715596517
392 528.75772153201978654 0.002977879333496094 0.005144289016723633 0.005121364911397299
393 528.74174842308275402 0.002974393717447917 0.005132854143778483 0.005119548161824544
394 529.51097248797304928 0.002969640858968099 0.005151927630106608 0.005123514175415039
395 528.57299844303634018 0.002970625559488932 0.005138133366902669 0.005114075660705567
396 529.13982989592477679 0.002973940531412761 0.005153656005859375 0.005129813194274902
397 528.72273406502790749 0.002975533803304036 0.005125551859537760 0.005107938130696614
398 529.37385590700432658 0.002966154734293620 0.005143672625223796 0.005118828455607096
399 529.01459771103691310 0.002965451304117839 0.005155290921529134 0.005129805882771810
400 528.51518519490491599 0.002965244038899739 0.005129714012145997 0.005109366099039714
401 529.56507457990664989 0.002923773447672526 0.005115375200907389 0.005094677607218425
402 528.63345945405308157 0.002920229085286458 0.005114615440368652 0.005089220046997070
403 529.47679373901337385 0.002921162414550781 0.005118332227071126 0.005098383267720541
404 529.14088587195146829 0.002919792683919271 0.005137845993041992 0.005109196980794271
405 528.75493447796907276 0.002920653533935547 0.005119202613830566 0.005101045608520508
406 529.25039357901550829 0.002919593048095703 0.005122444788614909 0.005100088755289714
407 528.51414878689683974 0.002920126088460286 0.005120529810587565 0.005100218137105306
408 529.20963839697651565 0.002917742919921875 0.005113019307454427 0.005088251113891601
409 528.36124441400170326 0.002914620208740234 0.005127198219299316 0.005104287783304851
410 529.02308382908813655 0.002916604105631510 0.005110309918721517 0.005093766848246257
411 529.46442596404813230 0.002915765889485677 0.005121665954589844 0.005102783838907878
412 528.29659059492405504 0.002914492289225260 0.005114333788553874 0.005097527186075847
413 529.39128235494717956 0.002914075469970703 0.005113074938456218 0.005090591748555502
414 528.30472607596311718 0.002915328470865885 0.005107995669047038 0.005092051823933920
415 529.19384919200092554 0.002910477701822916 0.005111687660217286 0.005092647552490235
416 528.74955433199647814 0.002912411244710286 0.005113897005716960 0.005092752774556478
417 529.10587166703771800 0.002913347625732422 0.005107302983601888 0.005091903050740560
418 528.61874458694364876 0.002910859934488932 0.005112465222676595 0.005100611050923665
419 529.12620613793842494 0.002910921223958333 0.005122641245524089 0.005097544987996419
420 528.85302933701314032 0.002910836791992188 0.005103972117106120 0.005090570449829102
421 529.00626062601804733 0.002907093811035156 0.005124124209086100 0.005099065780639648
422 529.06960019399411976 0.002909831746419271 0.005114947636922201 0.005094209671020508
423 529.42596440901979804 0.002906597900390625 0.005110049565633138 0.005091156641642253
424 530.16750503994990140 0.002906818135579427 0.005110994974772135 0.005086503346761068
425 528.60257511201780289 0.002904610951741536 0.005110453923543294 0.005092918078104655
426 529.29597573203500360 0.002905331166585287 0.005113129297892253 0.005093841552734375
427 528.05618372897151858 0.002906275177001953 0.005142103830973307 0.005114901224772136
428 529.39697763696312904 0.002905171457926432 0.005111262957255045 0.005087757746378581
429 528.48831128794699907 0.002903582255045573 0.005120723406473795 0.005111120859781901
430 529.05145967600401491 0.002902633921305338 0.005110019048055013 0.005094612121582031
431 529.31706099293660372 0.002900746663411458 0.005109610239664714 0.005090672492980957
432 529.05992454709485173 0.002901782735188802 0.005103944142659505 0.005087369600931803
433 529.30403867294080555 0.002902603149414062 0.005114059766133626 0.005095658938090006
434 531.22696147905662656 0.002902319335937500 0.005102890650431315 0.005087828318277995
435 543.25497577991336584 0.002899564615885417 0.005105288187662761 0.005089788436889648
436 540.94273647491354495 0.002899003601074219 0.005108521143595377 0.005091883977254232
437 542.72100678097922355 0.002898790740966797 0.005106612205505371 0.005090009371439616
438 540.93238978809677064 0.002899654897054036 0.005103025118509928 0.005086147944132487
439 536.79503836901858449 0.002896229807535807 0.005123987197875977 0.005100635210673015
440 528.11462546803522855 0.002896977233886719 0.005104536056518554 0.005091291109720866
441 529.53881531499791890 0.002897421264648438 0.005108376820882161 0.005089552879333496
442 528.77345652203075588 0.002897261555989583 0.005115226745605468 0.005096636454264323
443 528.91530690400395542 0.002893323516845703 0.005099573771158854 0.005087263107299804
444 528.57307060307357460 0.002895672607421875 0.005103324572245280 0.005077656428019206
445 528.68502713192719966 0.002893593088785807 0.005103385925292968 0.005084504763285319
446 528.63906839198898524 0.002891482289632161 0.005104865709940593 0.005091411590576172
447 527.98628315597306937 0.002892477925618489 0.005105611801147461 0.005084609985351563
448 526.89876275602728128 0.002890864054361979 0.005133204460144043 0.005102413813273112
449 526.86181522393599153 0.002890327962239583 0.005100280761718750 0.005085397084554037
450 526.83158465696033090 0.002892266337076823 0.005105730056762695 0.005089456240336100
451 526.72932315396610647 0.002866493733723958 0.005096622467041016 0.005074917475382487
452 526.60996882594190538 0.002865166219075521 0.005099074999491374 0.005080347696940104
453 526.55180796200875193 0.002866197967529297 0.005097792943318685 0.005076238632202149
454 527.02223469200544059 0.002866777038574219 0.005096812566121419 0.005082752227783203
455 526.67116556596010923 0.002865169016520182 0.005094312032063802 0.005077175458272298
456 526.56638460198882967 0.002864419555664062 0.005094519297281901 0.005075492540995280
457 526.60066941392142326 0.002866584777832031 0.005092899958292643 0.005077715873718262
458 526.88103222800418735 0.002864341227213542 0.005097031275431315 0.005079244295756022
459 526.88431246299296618 0.002864421335856120 0.005096065839131673 0.005076987266540527
460 526.65961065399460495 0.002863304392496745 0.005093489964803060 0.005074563026428222
461 526.76446490094531327 0.002863686116536458 0.005098223050435384 0.005077154159545899
462 526.40959285700228065 0.002862679799397787 0.005089433034261068 0.005071307500203450
463 526.64129214489366859 0.002864030202229818 0.005096134821573894 0.005069743156433106
464 526.31994684797246009 0.002861863199869792 0.005092396418253581 0.005070155461629232
465 526.39534164499491453 0.002861888631184896 0.005090362866719563 0.005075118382771810
466 526.45333735796157271 0.002860732777913412 0.005093772252400717 0.005076256752014160
467 526.34195900999475271 0.002861880493164062 0.005099521954854329 0.005076104482014974
468 526.46718692895956337 0.002860873921712239 0.005090137163798014 0.005075606664021810
469 526.41643882705830038 0.002860846201578776 0.005099729220072428 0.005079283396402995
470 526.38887055800296366 0.002860777028401693 0.005094006220499675 0.005074658711751302
471 526.95842648996040225 0.002858988952636719 0.005092505772908529 0.005075483957926432
472 527.92792400100734085 0.002859290568033854 0.005107888221740723 0.005081759134928385
473 526.45420388097409159 0.002860170491536458 0.005091952323913574 0.005074062347412109
474 526.58946966298390180 0.002858269500732422 0.005090758323669433 0.005072282791137695
475 526.33934929594397545 0.002858041127522787 0.005091671943664551 0.005070656140645345
476 526.50410135800484568 0.002858099873860677 0.005092620849609375 0.005075988451639812
477 526.41019674506969750 0.002855653381347656 0.005099338531494141 0.005074914296468099
478 526.41341885190922767 0.002858719380696614 0.005093749364217122 0.005074343681335449
479 527.40343632805161178 0.002857272847493490 0.005088279406229655 0.005070574760437012
480 528.91890758101362735 0.002858058166503906 0.005091041564941406 0.005071566263834635
481 529.66955266695003957 0.002855487060546875 0.005089362780253092 0.005068066596984863
482 528.75649404199793935 0.002855293528238932 0.005097475051879883 0.005076186180114746
483 528.80804100504610687 0.002854120635986328 0.005103860537211100 0.005078581174214681
484 529.29093213996384293 0.002855073038736979 0.005095452626546224 0.005076107343037923
485 528.59472435899078846 0.002854743194580078 0.005092397054036459 0.005073139190673828
486 528.80469622206874192 0.002852967071533203 0.005091623306274414 0.005074119567871094
487 528.90286108897998929 0.002854124450683594 0.005091783523559571 0.005068297068277995
488 528.72958499507512897 0.002854669189453125 0.005096004168192545 0.005075056711832682
489 529.03496193094179034 0.002853731536865235 0.005089008331298829 0.005066880544026693
490 528.93586734810378402 0.002853838857014974 0.005092041015625000 0.005070675214131674
491 528.64889908803161234 0.002852816263834635 0.005094930648803711 0.005075889587402344
492 529.04722971608862281 0.002853333536783854 0.005088800430297851 0.005069901466369629
493 528.48190990102011710 0.002851077524820964 0.005087069511413574 0.005070541063944499
494 528.93661480501759797 0.002852122243245443 0.005088739713033041 0.005069047609965007
495 528.97885295609012246 0.002850206756591797 0.005093504587809244 0.005073100090026855
496 528.55070123693440109 0.002851741027832031 0.005089233398437500 0.005068888346354166
497 529.17256553401239216 0.002850051625569661 0.005091820398966471 0.005072823524475098
498 528.18525949097238481 0.002851641337076823 0.005087249120076498 0.005072819391886393
499 529.06724582705646753 0.002849426015218099 0.005087522506713868 0.005067083994547526
500 529.14864690206013620 0.002849332682291667 0.005085439682006836 0.005064492861429850
all time:266795.617s